Wed 20 Sep 2017 14:00:39, operations.getNewsSummariesForUser, 63 ms, event_name : news_list_request, user_id : gg@qq.com, user_ip : ::1
Wed 20 Sep 2017 14:01:44, operations.getNewsSummariesForUser, 33 ms, event_name : news_list_request, user_id : gg@qq.com, user_ip : ::1
Wed 20 Sep 2017 14:01:54, operations.getNewsSummariesForUser, 10 ms, event_name : news_list_request, user_id : gg@qq.com, user_ip : ::1
Wed 20 Sep 2017 14:12:56, operations.getNewsSummariesForUser, 31 ms, event_name : news_list_request, user_id : gg@qq.com, user_ip : ::1
Wed 20 Sep 2017 14:13:23, operations.getNewsSummariesForUser, 7 ms, event_name : news_list_request, user_id : gg@qq.com, user_ip : ::1
Wed 20 Sep 2017 14:20:12, operations.getNewsSummariesForUser, 41 ms, event_name : news_list_request, user_id : gg@qq.com, user_ip : ::1
Wed 20 Sep 2017 14:20:15, operations.getNewsSummariesForUser, 14 ms, event_name : news_list_request, user_id : gg@qq.com, user_ip : ::1
Wed 20 Sep 2017 14:20:16, operations.getNewsSummariesForUser, 16 ms, event_name : news_list_request, user_id : gg@qq.com, user_ip : ::1
Wed 20 Sep 2017 14:20:16, operations.getNewsSummariesForUser, 13 ms, event_name : news_list_request, user_id : gg@qq.com, user_ip : ::1
Wed 20 Sep 2017 14:20:22, Read empty data, calling disconnect
Wed 20 Sep 2017 14:20:22, Socket closed when connection was open
Wed 20 Sep 2017 14:20:22, Disconnected from RabbitMQ at donkey.rmq.cloudamqp.com:5672 (0): Not specified
Wed 20 Sep 2017 14:20:22, Connection close detected
Wed 20 Sep 2017 14:20:22, JsonRpcError(-32603): Internal JSON-RPC error. -- Traceback (most recent call last):
  File "/home/yuyu/.local/lib/python2.7/site-packages/pyjsonrpc/rpclib.py", line 114, in call
    result = rpc_function(*positional_params, **named_params)
  File "service.py", line 44, in logNewsClickForUser
    return operations.logNewsClickForUser(user_id, news_id, user_ip)
  File "/home/yuyu/bittigercs503-1703-llliuyu/week11/backend_server/operations.py", line 92, in logNewsClickForUser
    cloudAMQP_client.sendMessage(message)
  File "/home/yuyu/bittigercs503-1703-llliuyu/week11/backend_server/../common/cloudAMQP_client.py", line 24, in sendMessage
    queue = self.channel.queue_declare(self.queue_name)
  File "/home/yuyu/.local/lib/python2.7/site-packages/pika/adapters/blocking_connection.py", line 2329, in queue_declare
    self._flush_output(declare_ok_result.is_ready)
  File "/home/yuyu/.local/lib/python2.7/site-packages/pika/adapters/blocking_connection.py", line 1174, in _flush_output
    *waiters)
  File "/home/yuyu/.local/lib/python2.7/site-packages/pika/adapters/blocking_connection.py", line 426, in _flush_output
    raise exceptions.ConnectionClosed()
ConnectionClosed

Wed 20 Sep 2017 14:20:31, JsonRpcError(-32603): 'NoneType' object has no attribute 'send' -- Traceback (most recent call last):
  File "/home/yuyu/.local/lib/python2.7/site-packages/pyjsonrpc/rpclib.py", line 114, in call
    result = rpc_function(*positional_params, **named_params)
  File "service.py", line 44, in logNewsClickForUser
    return operations.logNewsClickForUser(user_id, news_id, user_ip)
  File "/home/yuyu/bittigercs503-1703-llliuyu/week11/backend_server/operations.py", line 92, in logNewsClickForUser
    cloudAMQP_client.sendMessage(message)
  File "/home/yuyu/bittigercs503-1703-llliuyu/week11/backend_server/../common/cloudAMQP_client.py", line 22, in sendMessage
    body=json.dumps(message))
  File "/home/yuyu/.local/lib/python2.7/site-packages/pika/adapters/blocking_connection.py", line 1978, in basic_publish
    mandatory, immediate)
  File "/home/yuyu/.local/lib/python2.7/site-packages/pika/adapters/blocking_connection.py", line 2064, in publish
    immediate=immediate)
  File "/home/yuyu/.local/lib/python2.7/site-packages/pika/channel.py", line 338, in basic_publish
    (properties, body))
  File "/home/yuyu/.local/lib/python2.7/site-packages/pika/channel.py", line 1150, in _send_method
    self.connection._send_method(self.channel_number, method_frame, content)
  File "/home/yuyu/.local/lib/python2.7/site-packages/pika/connection.py", line 1571, in _send_method
    self._send_message(channel_number, method_frame, content)
  File "/home/yuyu/.local/lib/python2.7/site-packages/pika/connection.py", line 1601, in _send_message
    self._flush_outbound()
  File "/home/yuyu/.local/lib/python2.7/site-packages/pika/adapters/base_connection.py", line 282, in _flush_outbound
    self._handle_write()
  File "/home/yuyu/.local/lib/python2.7/site-packages/pika/adapters/base_connection.py", line 427, in _handle_write
    bw = self.socket.send(frame)
AttributeError: 'NoneType' object has no attribute 'send'

Wed 20 Sep 2017 14:20:58, operations.getNewsSummariesForUser, 8 ms, event_name : news_list_request, user_id : gg@qq.com, user_ip : ::1
Wed 20 Sep 2017 14:21:02, operations.getNewsSummariesForUser, 16 ms, event_name : news_list_request, user_id : gg@qq.com, user_ip : ::1
Wed 20 Sep 2017 14:21:02, operations.getNewsSummariesForUser, 16 ms, event_name : news_list_request, user_id : gg@qq.com, user_ip : ::1
Wed 20 Sep 2017 14:21:02, operations.getNewsSummariesForUser, 15 ms, event_name : news_list_request, user_id : gg@qq.com, user_ip : ::1
Wed 20 Sep 2017 14:21:03, operations.getNewsSummariesForUser, 15 ms, event_name : news_list_request, user_id : gg@qq.com, user_ip : ::1
Wed 20 Sep 2017 14:22:51, operations.getNewsSummariesForUser, 32 ms, event_name : news_list_request, user_id : gg@qq.com, user_ip : ::1
Wed 20 Sep 2017 17:10:55, operations.getNewsSummariesForUser, 42 ms, event_name : news_list_request, user_id : ee@qq.com, user_ip : ::1
Wed 20 Sep 2017 20:20:21, operations.getNewsSummariesForUser, 39 ms, event_name : news_list_request, user_id : qq@qq.com, user_ip : ::1
Wed 20 Sep 2017 20:20:43, operations.getNewsSummariesForUser, 41 ms, event_name : news_list_request, user_id : ww@qq.com, user_ip : ::1
Wed 20 Sep 2017 20:20:53, Read empty data, calling disconnect
Wed 20 Sep 2017 20:20:53, Socket closed when connection was open
Wed 20 Sep 2017 20:20:53, Disconnected from RabbitMQ at donkey.rmq.cloudamqp.com:5672 (0): Not specified
Wed 20 Sep 2017 20:20:53, Connection close detected
Wed 20 Sep 2017 20:20:53, JsonRpcError(-32603): Internal JSON-RPC error. -- Traceback (most recent call last):
  File "/home/yuyu/.local/lib/python2.7/site-packages/pyjsonrpc/rpclib.py", line 114, in call
    result = rpc_function(*positional_params, **named_params)
  File "service.py", line 44, in logNewsClickForUser
    return operations.logNewsClickForUser(user_id, news_id, user_ip)
  File "/home/yuyu/bittigercs503-1703-llliuyu/week11/backend_server/operations.py", line 92, in logNewsClickForUser
    cloudAMQP_client.sendMessage(message)
  File "/home/yuyu/bittigercs503-1703-llliuyu/week11/backend_server/../common/cloudAMQP_client.py", line 24, in sendMessage
    queue = self.channel.queue_declare(self.queue_name)
  File "/home/yuyu/.local/lib/python2.7/site-packages/pika/adapters/blocking_connection.py", line 2329, in queue_declare
    self._flush_output(declare_ok_result.is_ready)
  File "/home/yuyu/.local/lib/python2.7/site-packages/pika/adapters/blocking_connection.py", line 1174, in _flush_output
    *waiters)
  File "/home/yuyu/.local/lib/python2.7/site-packages/pika/adapters/blocking_connection.py", line 426, in _flush_output
    raise exceptions.ConnectionClosed()
ConnectionClosed

Wed 20 Sep 2017 20:21:07, JsonRpcError(-32603): 'NoneType' object has no attribute 'send' -- Traceback (most recent call last):
  File "/home/yuyu/.local/lib/python2.7/site-packages/pyjsonrpc/rpclib.py", line 114, in call
    result = rpc_function(*positional_params, **named_params)
  File "service.py", line 44, in logNewsClickForUser
    return operations.logNewsClickForUser(user_id, news_id, user_ip)
  File "/home/yuyu/bittigercs503-1703-llliuyu/week11/backend_server/operations.py", line 92, in logNewsClickForUser
    cloudAMQP_client.sendMessage(message)
  File "/home/yuyu/bittigercs503-1703-llliuyu/week11/backend_server/../common/cloudAMQP_client.py", line 22, in sendMessage
    body=json.dumps(message))
  File "/home/yuyu/.local/lib/python2.7/site-packages/pika/adapters/blocking_connection.py", line 1978, in basic_publish
    mandatory, immediate)
  File "/home/yuyu/.local/lib/python2.7/site-packages/pika/adapters/blocking_connection.py", line 2064, in publish
    immediate=immediate)
  File "/home/yuyu/.local/lib/python2.7/site-packages/pika/channel.py", line 338, in basic_publish
    (properties, body))
  File "/home/yuyu/.local/lib/python2.7/site-packages/pika/channel.py", line 1150, in _send_method
    self.connection._send_method(self.channel_number, method_frame, content)
  File "/home/yuyu/.local/lib/python2.7/site-packages/pika/connection.py", line 1571, in _send_method
    self._send_message(channel_number, method_frame, content)
  File "/home/yuyu/.local/lib/python2.7/site-packages/pika/connection.py", line 1601, in _send_message
    self._flush_outbound()
  File "/home/yuyu/.local/lib/python2.7/site-packages/pika/adapters/base_connection.py", line 282, in _flush_outbound
    self._handle_write()
  File "/home/yuyu/.local/lib/python2.7/site-packages/pika/adapters/base_connection.py", line 427, in _handle_write
    bw = self.socket.send(frame)
AttributeError: 'NoneType' object has no attribute 'send'

Wed 20 Sep 2017 20:21:19, JsonRpcError(-32603): 'NoneType' object has no attribute 'send' -- Traceback (most recent call last):
  File "/home/yuyu/.local/lib/python2.7/site-packages/pyjsonrpc/rpclib.py", line 114, in call
    result = rpc_function(*positional_params, **named_params)
  File "service.py", line 44, in logNewsClickForUser
    return operations.logNewsClickForUser(user_id, news_id, user_ip)
  File "/home/yuyu/bittigercs503-1703-llliuyu/week11/backend_server/operations.py", line 92, in logNewsClickForUser
    cloudAMQP_client.sendMessage(message)
  File "/home/yuyu/bittigercs503-1703-llliuyu/week11/backend_server/../common/cloudAMQP_client.py", line 22, in sendMessage
    body=json.dumps(message))
  File "/home/yuyu/.local/lib/python2.7/site-packages/pika/adapters/blocking_connection.py", line 1978, in basic_publish
    mandatory, immediate)
  File "/home/yuyu/.local/lib/python2.7/site-packages/pika/adapters/blocking_connection.py", line 2064, in publish
    immediate=immediate)
  File "/home/yuyu/.local/lib/python2.7/site-packages/pika/channel.py", line 338, in basic_publish
    (properties, body))
  File "/home/yuyu/.local/lib/python2.7/site-packages/pika/channel.py", line 1150, in _send_method
    self.connection._send_method(self.channel_number, method_frame, content)
  File "/home/yuyu/.local/lib/python2.7/site-packages/pika/connection.py", line 1571, in _send_method
    self._send_message(channel_number, method_frame, content)
  File "/home/yuyu/.local/lib/python2.7/site-packages/pika/connection.py", line 1601, in _send_message
    self._flush_outbound()
  File "/home/yuyu/.local/lib/python2.7/site-packages/pika/adapters/base_connection.py", line 282, in _flush_outbound
    self._handle_write()
  File "/home/yuyu/.local/lib/python2.7/site-packages/pika/adapters/base_connection.py", line 427, in _handle_write
    bw = self.socket.send(frame)
AttributeError: 'NoneType' object has no attribute 'send'

Wed 20 Sep 2017 20:21:25, JsonRpcError(-32603): 'NoneType' object has no attribute 'send' -- Traceback (most recent call last):
  File "/home/yuyu/.local/lib/python2.7/site-packages/pyjsonrpc/rpclib.py", line 114, in call
    result = rpc_function(*positional_params, **named_params)
  File "service.py", line 44, in logNewsClickForUser
    return operations.logNewsClickForUser(user_id, news_id, user_ip)
  File "/home/yuyu/bittigercs503-1703-llliuyu/week11/backend_server/operations.py", line 92, in logNewsClickForUser
    cloudAMQP_client.sendMessage(message)
  File "/home/yuyu/bittigercs503-1703-llliuyu/week11/backend_server/../common/cloudAMQP_client.py", line 22, in sendMessage
    body=json.dumps(message))
  File "/home/yuyu/.local/lib/python2.7/site-packages/pika/adapters/blocking_connection.py", line 1978, in basic_publish
    mandatory, immediate)
  File "/home/yuyu/.local/lib/python2.7/site-packages/pika/adapters/blocking_connection.py", line 2064, in publish
    immediate=immediate)
  File "/home/yuyu/.local/lib/python2.7/site-packages/pika/channel.py", line 338, in basic_publish
    (properties, body))
  File "/home/yuyu/.local/lib/python2.7/site-packages/pika/channel.py", line 1150, in _send_method
    self.connection._send_method(self.channel_number, method_frame, content)
  File "/home/yuyu/.local/lib/python2.7/site-packages/pika/connection.py", line 1571, in _send_method
    self._send_message(channel_number, method_frame, content)
  File "/home/yuyu/.local/lib/python2.7/site-packages/pika/connection.py", line 1601, in _send_message
    self._flush_outbound()
  File "/home/yuyu/.local/lib/python2.7/site-packages/pika/adapters/base_connection.py", line 282, in _flush_outbound
    self._handle_write()
  File "/home/yuyu/.local/lib/python2.7/site-packages/pika/adapters/base_connection.py", line 427, in _handle_write
    bw = self.socket.send(frame)
AttributeError: 'NoneType' object has no attribute 'send'

Wed 20 Sep 2017 20:21:31, operations.getNewsSummariesForUser, 16 ms, event_name : news_list_request, user_id : ww@qq.com, user_ip : ::1
Wed 20 Sep 2017 20:25:02, operations.getNewsSummariesForUser, 35 ms, event_name : news_list_request, user_id : ee@qq.com, user_ip : ::1
Wed 20 Sep 2017 20:25:06, JsonRpcError(-32603): 'NoneType' object has no attribute 'send' -- Traceback (most recent call last):
  File "/home/yuyu/.local/lib/python2.7/site-packages/pyjsonrpc/rpclib.py", line 114, in call
    result = rpc_function(*positional_params, **named_params)
  File "service.py", line 44, in logNewsClickForUser
    return operations.logNewsClickForUser(user_id, news_id, user_ip)
  File "/home/yuyu/bittigercs503-1703-llliuyu/week11/backend_server/operations.py", line 92, in logNewsClickForUser
    cloudAMQP_client.sendMessage(message)
  File "/home/yuyu/bittigercs503-1703-llliuyu/week11/backend_server/../common/cloudAMQP_client.py", line 22, in sendMessage
    body=json.dumps(message))
  File "/home/yuyu/.local/lib/python2.7/site-packages/pika/adapters/blocking_connection.py", line 1978, in basic_publish
    mandatory, immediate)
  File "/home/yuyu/.local/lib/python2.7/site-packages/pika/adapters/blocking_connection.py", line 2064, in publish
    immediate=immediate)
  File "/home/yuyu/.local/lib/python2.7/site-packages/pika/channel.py", line 338, in basic_publish
    (properties, body))
  File "/home/yuyu/.local/lib/python2.7/site-packages/pika/channel.py", line 1150, in _send_method
    self.connection._send_method(self.channel_number, method_frame, content)
  File "/home/yuyu/.local/lib/python2.7/site-packages/pika/connection.py", line 1571, in _send_method
    self._send_message(channel_number, method_frame, content)
  File "/home/yuyu/.local/lib/python2.7/site-packages/pika/connection.py", line 1601, in _send_message
    self._flush_outbound()
  File "/home/yuyu/.local/lib/python2.7/site-packages/pika/adapters/base_connection.py", line 282, in _flush_outbound
    self._handle_write()
  File "/home/yuyu/.local/lib/python2.7/site-packages/pika/adapters/base_connection.py", line 427, in _handle_write
    bw = self.socket.send(frame)
AttributeError: 'NoneType' object has no attribute 'send'

Wed 20 Sep 2017 20:27:06, JsonRpcError(-32603): 'NoneType' object has no attribute 'send' -- Traceback (most recent call last):
  File "/home/yuyu/.local/lib/python2.7/site-packages/pyjsonrpc/rpclib.py", line 114, in call
    result = rpc_function(*positional_params, **named_params)
  File "service.py", line 44, in logNewsClickForUser
    return operations.logNewsClickForUser(user_id, news_id, user_ip)
  File "/home/yuyu/bittigercs503-1703-llliuyu/week11/backend_server/operations.py", line 92, in logNewsClickForUser
    cloudAMQP_client.sendMessage(message)
  File "/home/yuyu/bittigercs503-1703-llliuyu/week11/backend_server/../common/cloudAMQP_client.py", line 22, in sendMessage
    body=json.dumps(message))
  File "/home/yuyu/.local/lib/python2.7/site-packages/pika/adapters/blocking_connection.py", line 1978, in basic_publish
    mandatory, immediate)
  File "/home/yuyu/.local/lib/python2.7/site-packages/pika/adapters/blocking_connection.py", line 2064, in publish
    immediate=immediate)
  File "/home/yuyu/.local/lib/python2.7/site-packages/pika/channel.py", line 338, in basic_publish
    (properties, body))
  File "/home/yuyu/.local/lib/python2.7/site-packages/pika/channel.py", line 1150, in _send_method
    self.connection._send_method(self.channel_number, method_frame, content)
  File "/home/yuyu/.local/lib/python2.7/site-packages/pika/connection.py", line 1571, in _send_method
    self._send_message(channel_number, method_frame, content)
  File "/home/yuyu/.local/lib/python2.7/site-packages/pika/connection.py", line 1601, in _send_message
    self._flush_outbound()
  File "/home/yuyu/.local/lib/python2.7/site-packages/pika/adapters/base_connection.py", line 282, in _flush_outbound
    self._handle_write()
  File "/home/yuyu/.local/lib/python2.7/site-packages/pika/adapters/base_connection.py", line 427, in _handle_write
    bw = self.socket.send(frame)
AttributeError: 'NoneType' object has no attribute 'send'

Wed 20 Sep 2017 20:29:15, operations.getNewsSummariesForUser, 36 ms, event_name : news_list_request, user_id : rr@qq.com, user_ip : ::1
Wed 20 Sep 2017 20:29:44, operations.getNewsSummariesForUser, 41 ms, event_name : news_list_request, user_id : qq@qq.com, user_ip : ::1
Wed 20 Sep 2017 20:31:34, operations.getNewsSummariesForUser, 45 ms, event_name : news_list_request, user_id : qq@qq.com, user_ip : ::1
Wed 20 Sep 2017 20:31:35, operations.getNewsSummariesForUser, 19 ms, event_name : news_list_request, user_id : qq@qq.com, user_ip : ::1
Wed 20 Sep 2017 20:31:35, operations.getNewsSummariesForUser, 21 ms, event_name : news_list_request, user_id : qq@qq.com, user_ip : ::1
Wed 20 Sep 2017 20:31:36, operations.getNewsSummariesForUser, 17 ms, event_name : news_list_request, user_id : qq@qq.com, user_ip : ::1
Wed 20 Sep 2017 20:31:36, operations.getNewsSummariesForUser, 14 ms, event_name : news_list_request, user_id : qq@qq.com, user_ip : ::1
Wed 20 Sep 2017 20:31:37, operations.getNewsSummariesForUser, 26 ms, event_name : news_list_request, user_id : qq@qq.com, user_ip : ::1
Wed 20 Sep 2017 20:31:37, operations.getNewsSummariesForUser, 33 ms, event_name : news_list_request, user_id : qq@qq.com, user_ip : ::1
Wed 20 Sep 2017 20:31:37, operations.getNewsSummariesForUser, 34 ms, event_name : news_list_request, user_id : qq@qq.com, user_ip : ::1
Wed 20 Sep 2017 20:31:37, operations.getNewsSummariesForUser, 10 ms, event_name : news_list_request, user_id : qq@qq.com, user_ip : ::1
Wed 20 Sep 2017 20:31:51, operations.getNewsSummariesForUser, 22 ms, event_name : news_list_request, user_id : qq@qq.com, user_ip : ::1
Wed 20 Sep 2017 20:31:51, operations.getNewsSummariesForUser, 25 ms, event_name : news_list_request, user_id : qq@qq.com, user_ip : ::1
Wed 20 Sep 2017 20:31:51, operations.getNewsSummariesForUser, 35 ms, event_name : news_list_request, user_id : qq@qq.com, user_ip : ::1
Wed 20 Sep 2017 20:31:51, operations.getNewsSummariesForUser, 24 ms, event_name : news_list_request, user_id : qq@qq.com, user_ip : ::1
Wed 20 Sep 2017 20:31:51, operations.getNewsSummariesForUser, 27 ms, event_name : news_list_request, user_id : qq@qq.com, user_ip : ::1
Wed 20 Sep 2017 20:31:51, operations.getNewsSummariesForUser, 37 ms, event_name : news_list_request, user_id : qq@qq.com, user_ip : ::1
Wed 20 Sep 2017 20:31:51, operations.getNewsSummariesForUser, 14 ms, event_name : news_list_request, user_id : qq@qq.com, user_ip : ::1
Wed 20 Sep 2017 20:31:51, operations.getNewsSummariesForUser, 17 ms, event_name : news_list_request, user_id : qq@qq.com, user_ip : ::1
Wed 20 Sep 2017 20:31:51, operations.getNewsSummariesForUser, 16 ms, event_name : news_list_request, user_id : qq@qq.com, user_ip : ::1
Wed 20 Sep 2017 20:31:52, operations.getNewsSummariesForUser, 14 ms, event_name : news_list_request, user_id : qq@qq.com, user_ip : ::1
Wed 20 Sep 2017 20:31:52, operations.getNewsSummariesForUser, 16 ms, event_name : news_list_request, user_id : qq@qq.com, user_ip : ::1
Wed 20 Sep 2017 20:31:52, operations.getNewsSummariesForUser, 13 ms, event_name : news_list_request, user_id : qq@qq.com, user_ip : ::1
Wed 20 Sep 2017 20:31:52, operations.getNewsSummariesForUser, 10 ms, event_name : news_list_request, user_id : qq@qq.com, user_ip : ::1
Wed 20 Sep 2017 20:31:52, operations.getNewsSummariesForUser, 14 ms, event_name : news_list_request, user_id : qq@qq.com, user_ip : ::1
Wed 20 Sep 2017 20:31:52, operations.getNewsSummariesForUser, 11 ms, event_name : news_list_request, user_id : qq@qq.com, user_ip : ::1
Wed 20 Sep 2017 20:31:52, operations.getNewsSummariesForUser, 17 ms, event_name : news_list_request, user_id : qq@qq.com, user_ip : ::1
Wed 20 Sep 2017 20:31:52, operations.getNewsSummariesForUser, 16 ms, event_name : news_list_request, user_id : qq@qq.com, user_ip : ::1
Wed 20 Sep 2017 20:31:52, operations.getNewsSummariesForUser, 18 ms, event_name : news_list_request, user_id : qq@qq.com, user_ip : ::1
Wed 20 Sep 2017 20:31:52, operations.getNewsSummariesForUser, 17 ms, event_name : news_list_request, user_id : qq@qq.com, user_ip : ::1
Wed 20 Sep 2017 20:31:52, operations.getNewsSummariesForUser, 21 ms, event_name : news_list_request, user_id : qq@qq.com, user_ip : ::1
Wed 20 Sep 2017 20:31:52, operations.getNewsSummariesForUser, 32 ms, event_name : news_list_request, user_id : qq@qq.com, user_ip : ::1
Wed 20 Sep 2017 20:31:52, operations.getNewsSummariesForUser, 31 ms, event_name : news_list_request, user_id : qq@qq.com, user_ip : ::1
Wed 20 Sep 2017 20:31:52, operations.getNewsSummariesForUser, 20 ms, event_name : news_list_request, user_id : qq@qq.com, user_ip : ::1
Wed 20 Sep 2017 20:31:52, operations.getNewsSummariesForUser, 30 ms, event_name : news_list_request, user_id : qq@qq.com, user_ip : ::1
Wed 20 Sep 2017 20:31:52, operations.getNewsSummariesForUser, 33 ms, event_name : news_list_request, user_id : qq@qq.com, user_ip : ::1
Wed 20 Sep 2017 20:31:52, operations.getNewsSummariesForUser, 19 ms, event_name : news_list_request, user_id : qq@qq.com, user_ip : ::1
Wed 20 Sep 2017 20:31:52, operations.getNewsSummariesForUser, 12 ms, event_name : news_list_request, user_id : qq@qq.com, user_ip : ::1
Wed 20 Sep 2017 20:32:52, operations.getNewsSummariesForUser, 44 ms, event_name : news_list_request, user_id : qq@qq.com, user_ip : ::1
Wed 20 Sep 2017 20:33:04, operations.getNewsSummariesForUser, 13 ms, event_name : news_list_request, user_id : qq@qq.com, user_ip : ::1
Wed 20 Sep 2017 20:33:04, operations.getNewsSummariesForUser, 15 ms, event_name : news_list_request, user_id : qq@qq.com, user_ip : ::1
Wed 20 Sep 2017 20:33:04, operations.getNewsSummariesForUser, 16 ms, event_name : news_list_request, user_id : qq@qq.com, user_ip : ::1
Wed 20 Sep 2017 20:33:04, operations.getNewsSummariesForUser, 14 ms, event_name : news_list_request, user_id : qq@qq.com, user_ip : ::1
Wed 20 Sep 2017 20:33:05, operations.getNewsSummariesForUser, 15 ms, event_name : news_list_request, user_id : qq@qq.com, user_ip : ::1
Wed 20 Sep 2017 20:33:05, operations.getNewsSummariesForUser, 15 ms, event_name : news_list_request, user_id : qq@qq.com, user_ip : ::1
Wed 20 Sep 2017 20:33:05, operations.getNewsSummariesForUser, 14 ms, event_name : news_list_request, user_id : qq@qq.com, user_ip : ::1
Wed 20 Sep 2017 20:33:05, operations.getNewsSummariesForUser, 10 ms, event_name : news_list_request, user_id : qq@qq.com, user_ip : ::1
Wed 20 Sep 2017 20:43:05, operations.getNewsSummariesForUser, 46 ms, event_name : news_list_request, user_id : qq@qq.com, user_ip : ::1
Wed 20 Sep 2017 20:43:20, operations.getNewsSummariesForUser, 12 ms, event_name : news_list_request, user_id : qq@qq.com, user_ip : ::1
Wed 20 Sep 2017 20:43:20, operations.getNewsSummariesForUser, 15 ms, event_name : news_list_request, user_id : qq@qq.com, user_ip : ::1
Wed 20 Sep 2017 20:43:20, operations.getNewsSummariesForUser, 14 ms, event_name : news_list_request, user_id : qq@qq.com, user_ip : ::1
Wed 20 Sep 2017 20:43:21, operations.getNewsSummariesForUser, 13 ms, event_name : news_list_request, user_id : qq@qq.com, user_ip : ::1
Wed 20 Sep 2017 20:43:21, operations.getNewsSummariesForUser, 14 ms, event_name : news_list_request, user_id : qq@qq.com, user_ip : ::1
Wed 20 Sep 2017 20:43:21, operations.getNewsSummariesForUser, 12 ms, event_name : news_list_request, user_id : qq@qq.com, user_ip : ::1
Wed 20 Sep 2017 20:43:21, operations.getNewsSummariesForUser, 15 ms, event_name : news_list_request, user_id : qq@qq.com, user_ip : ::1
Wed 20 Sep 2017 20:45:27, operations.getNewsSummariesForUser, 41 ms, event_name : news_list_request, user_id : qq@qq.com, user_ip : ::1
Wed 20 Sep 2017 20:45:27, operations.getNewsSummariesForUser, 10 ms, event_name : news_list_request, user_id : qq@qq.com, user_ip : ::1
Wed 20 Sep 2017 20:45:27, operations.getNewsSummariesForUser, 12 ms, event_name : news_list_request, user_id : qq@qq.com, user_ip : ::1
Wed 20 Sep 2017 20:45:27, operations.getNewsSummariesForUser, 14 ms, event_name : news_list_request, user_id : qq@qq.com, user_ip : ::1
Wed 20 Sep 2017 20:45:27, operations.getNewsSummariesForUser, 13 ms, event_name : news_list_request, user_id : qq@qq.com, user_ip : ::1
Wed 20 Sep 2017 20:45:27, operations.getNewsSummariesForUser, 14 ms, event_name : news_list_request, user_id : qq@qq.com, user_ip : ::1
Wed 20 Sep 2017 20:54:49, operations.getNewsSummariesForUser, 36 ms, event_name : news_list_request, user_id : qq@qq.com, user_ip : ::1
Wed 20 Sep 2017 20:55:01, operations.getNewsSummariesForUser, 14 ms, event_name : news_list_request, user_id : qq@qq.com, user_ip : ::1
Wed 20 Sep 2017 20:55:02, operations.getNewsSummariesForUser, 7 ms, event_name : news_list_request, user_id : qq@qq.com, user_ip : ::1
Wed 20 Sep 2017 20:55:02, operations.getNewsSummariesForUser, 14 ms, event_name : news_list_request, user_id : qq@qq.com, user_ip : ::1
Wed 20 Sep 2017 20:55:02, operations.getNewsSummariesForUser, 12 ms, event_name : news_list_request, user_id : qq@qq.com, user_ip : ::1
Wed 20 Sep 2017 20:55:02, operations.getNewsSummariesForUser, 8 ms, event_name : news_list_request, user_id : qq@qq.com, user_ip : ::1
Wed 20 Sep 2017 20:55:02, operations.getNewsSummariesForUser, 15 ms, event_name : news_list_request, user_id : qq@qq.com, user_ip : ::1
Wed 20 Sep 2017 20:55:03, operations.getNewsSummariesForUser, 13 ms, event_name : news_list_request, user_id : qq@qq.com, user_ip : ::1
Wed 20 Sep 2017 20:55:03, operations.getNewsSummariesForUser, 15 ms, event_name : news_list_request, user_id : qq@qq.com, user_ip : ::1
Wed 20 Sep 2017 20:55:03, operations.getNewsSummariesForUser, 11 ms, event_name : news_list_request, user_id : qq@qq.com, user_ip : ::1
Wed 20 Sep 2017 20:55:03, operations.getNewsSummariesForUser, 8 ms, event_name : news_list_request, user_id : qq@qq.com, user_ip : ::1
Wed 20 Sep 2017 20:55:14, operations.getNewsSummariesForUser, 17 ms, event_name : news_list_request, user_id : qq@qq.com, user_ip : ::1
Wed 20 Sep 2017 20:55:19, operations.getNewsSummariesForUser, 15 ms, event_name : news_list_request, user_id : qq@qq.com, user_ip : ::1
Wed 20 Sep 2017 20:55:19, operations.getNewsSummariesForUser, 7 ms, event_name : news_list_request, user_id : qq@qq.com, user_ip : ::1
Wed 20 Sep 2017 20:55:19, operations.getNewsSummariesForUser, 8 ms, event_name : news_list_request, user_id : qq@qq.com, user_ip : ::1
Wed 20 Sep 2017 20:55:19, operations.getNewsSummariesForUser, 8 ms, event_name : news_list_request, user_id : qq@qq.com, user_ip : ::1
Wed 20 Sep 2017 21:12:26, operations.getNewsSummariesForUser, 44 ms, event_name : news_list_request, user_id : qq@qq.com, user_ip : ::1
Wed 20 Sep 2017 21:12:30, operations.getNewsSummariesForUser, 14 ms, event_name : news_list_request, user_id : qq@qq.com, user_ip : ::1
Wed 20 Sep 2017 21:12:30, operations.getNewsSummariesForUser, 15 ms, event_name : news_list_request, user_id : qq@qq.com, user_ip : ::1
Wed 20 Sep 2017 21:12:30, operations.getNewsSummariesForUser, 11 ms, event_name : news_list_request, user_id : qq@qq.com, user_ip : ::1
Wed 20 Sep 2017 21:12:31, operations.getNewsSummariesForUser, 13 ms, event_name : news_list_request, user_id : qq@qq.com, user_ip : ::1
Wed 20 Sep 2017 21:12:39, operations.getNewsSummariesForUser, 7 ms, event_name : news_list_request, user_id : qq@qq.com, user_ip : ::1
Wed 20 Sep 2017 21:12:39, operations.getNewsSummariesForUser, 13 ms, event_name : news_list_request, user_id : qq@qq.com, user_ip : ::1
Wed 20 Sep 2017 21:12:39, operations.getNewsSummariesForUser, 12 ms, event_name : news_list_request, user_id : qq@qq.com, user_ip : ::1
Wed 20 Sep 2017 21:12:39, operations.getNewsSummariesForUser, 11 ms, event_name : news_list_request, user_id : qq@qq.com, user_ip : ::1
Wed 20 Sep 2017 21:12:40, operations.getNewsSummariesForUser, 13 ms, event_name : news_list_request, user_id : qq@qq.com, user_ip : ::1
Wed 20 Sep 2017 21:12:40, operations.getNewsSummariesForUser, 12 ms, event_name : news_list_request, user_id : qq@qq.com, user_ip : ::1
Wed 20 Sep 2017 21:12:40, operations.getNewsSummariesForUser, 13 ms, event_name : news_list_request, user_id : qq@qq.com, user_ip : ::1
Wed 20 Sep 2017 21:12:40, operations.getNewsSummariesForUser, 9 ms, event_name : news_list_request, user_id : qq@qq.com, user_ip : ::1
Wed 20 Sep 2017 21:28:52, operations.getNewsSummariesForUser, 41 ms, event_name : news_list_request, user_id : qq@qq.com, user_ip : ::1
Wed 20 Sep 2017 21:28:58, operations.getNewsSummariesForUser, 15 ms, event_name : news_list_request, user_id : qq@qq.com, user_ip : ::1
Wed 20 Sep 2017 21:29:06, operations.getNewsSummariesForUser, 15 ms, event_name : news_list_request, user_id : qq@qq.com, user_ip : ::1
Wed 20 Sep 2017 21:29:12, operations.getNewsSummariesForUser, 15 ms, event_name : news_list_request, user_id : qq@qq.com, user_ip : ::1
Wed 20 Sep 2017 21:29:17, operations.getNewsSummariesForUser, 18 ms, event_name : news_list_request, user_id : qq@qq.com, user_ip : ::1
Wed 20 Sep 2017 21:29:21, operations.getNewsSummariesForUser, 15 ms, event_name : news_list_request, user_id : qq@qq.com, user_ip : ::1
Wed 20 Sep 2017 21:29:30, operations.getNewsSummariesForUser, 16 ms, event_name : news_list_request, user_id : qq@qq.com, user_ip : ::1
Wed 20 Sep 2017 21:29:34, operations.getNewsSummariesForUser, 17 ms, event_name : news_list_request, user_id : qq@qq.com, user_ip : ::1
Wed 20 Sep 2017 21:30:12, operations.getNewsSummariesForUser, 47 ms, event_name : news_list_request, user_id : qq@qq.com, user_ip : ::1
Wed 20 Sep 2017 21:30:16, operations.getNewsSummariesForUser, 16 ms, event_name : news_list_request, user_id : qq@qq.com, user_ip : ::1
