Sat 23 Sep 2017 12:29:16, operations.getNewsSummariesForUser, 46 ms, event_name : news_list_request, user_id : qq@qq.com, user_ip : ::1
Sat 23 Sep 2017 12:29:26, , event_name : news_request, user_id : qq@qq.com, user_ip : ::1, news_id : hwjpnuBm4yrkBG1JcKVvQA==

Sat 23 Sep 2017 12:30:14, operations.getNewsSummariesForUser, 18 ms, event_name : news_list_request, user_id : qq@qq.com, user_ip : ::1
Sat 23 Sep 2017 12:30:17, operations.getNewsSummariesForUser, 40 ms, event_name : news_list_request, user_id : qq@qq.com, user_ip : ::1
Sat 23 Sep 2017 12:30:43, , event_name : news_request, user_id : qq@qq.com, user_ip : ::1, news_id : 7H1XEuHXmCwcwJQmqgVVVA==

Sat 23 Sep 2017 12:32:43, , event_name : news_request, user_id : qq@qq.com, user_ip : ::1, news_id : 7H1XEuHXmCwcwJQmqgVVVA==

Sat 23 Sep 2017 12:51:46, operations.getNewsSummariesForUser, 44 ms, event_name : news_list_request, user_id : qq@qq.com, user_ip : ::1
Sat 23 Sep 2017 12:51:50, Read empty data, calling disconnect
Sat 23 Sep 2017 12:51:50, Socket closed when connection was open
Sat 23 Sep 2017 12:51:50, Disconnected from RabbitMQ at donkey.rmq.cloudamqp.com:5672 (0): Not specified
Sat 23 Sep 2017 12:51:50, Connection close detected
Sat 23 Sep 2017 12:51:50, JsonRpcError(-32603): Internal JSON-RPC error. -- Traceback (most recent call last):
  File "/home/yuyu/.local/lib/python2.7/site-packages/pyjsonrpc/rpclib.py", line 114, in call
    result = rpc_function(*positional_params, **named_params)
  File "service.py", line 44, in logNewsClickForUser
    return operations.logNewsClickForUser(user_id, news_id, user_ip)
  File "/home/yuyu/bittigercs503-1703-llliuyu/week11/backend_server/operations.py", line 92, in logNewsClickForUser
    cloudAMQP_client.sendMessage(message)
  File "/home/yuyu/bittigercs503-1703-llliuyu/week11/backend_server/../common/cloudAMQP_client.py", line 24, in sendMessage
    queue = self.channel.queue_declare(self.queue_name)
  File "/home/yuyu/.local/lib/python2.7/site-packages/pika/adapters/blocking_connection.py", line 2329, in queue_declare
    self._flush_output(declare_ok_result.is_ready)
  File "/home/yuyu/.local/lib/python2.7/site-packages/pika/adapters/blocking_connection.py", line 1174, in _flush_output
    *waiters)
  File "/home/yuyu/.local/lib/python2.7/site-packages/pika/adapters/blocking_connection.py", line 426, in _flush_output
    raise exceptions.ConnectionClosed()
ConnectionClosed

Sat 23 Sep 2017 12:52:15, operations.getNewsSummariesForUser, 16 ms, event_name : news_list_request, user_id : qq@qq.com, user_ip : ::1
Sat 23 Sep 2017 12:53:50, JsonRpcError(-32603): 'NoneType' object has no attribute 'send' -- Traceback (most recent call last):
  File "/home/yuyu/.local/lib/python2.7/site-packages/pyjsonrpc/rpclib.py", line 114, in call
    result = rpc_function(*positional_params, **named_params)
  File "service.py", line 44, in logNewsClickForUser
    return operations.logNewsClickForUser(user_id, news_id, user_ip)
  File "/home/yuyu/bittigercs503-1703-llliuyu/week11/backend_server/operations.py", line 92, in logNewsClickForUser
    cloudAMQP_client.sendMessage(message)
  File "/home/yuyu/bittigercs503-1703-llliuyu/week11/backend_server/../common/cloudAMQP_client.py", line 22, in sendMessage
    body=json.dumps(message))
  File "/home/yuyu/.local/lib/python2.7/site-packages/pika/adapters/blocking_connection.py", line 1978, in basic_publish
    mandatory, immediate)
  File "/home/yuyu/.local/lib/python2.7/site-packages/pika/adapters/blocking_connection.py", line 2064, in publish
    immediate=immediate)
  File "/home/yuyu/.local/lib/python2.7/site-packages/pika/channel.py", line 338, in basic_publish
    (properties, body))
  File "/home/yuyu/.local/lib/python2.7/site-packages/pika/channel.py", line 1150, in _send_method
    self.connection._send_method(self.channel_number, method_frame, content)
  File "/home/yuyu/.local/lib/python2.7/site-packages/pika/connection.py", line 1571, in _send_method
    self._send_message(channel_number, method_frame, content)
  File "/home/yuyu/.local/lib/python2.7/site-packages/pika/connection.py", line 1601, in _send_message
    self._flush_outbound()
  File "/home/yuyu/.local/lib/python2.7/site-packages/pika/adapters/base_connection.py", line 282, in _flush_outbound
    self._handle_write()
  File "/home/yuyu/.local/lib/python2.7/site-packages/pika/adapters/base_connection.py", line 427, in _handle_write
    bw = self.socket.send(frame)
AttributeError: 'NoneType' object has no attribute 'send'

Sat 23 Sep 2017 12:55:13, operations.getNewsSummariesForUser, 49 ms, event_name : news_list_request, user_id : qq@qq.com, user_ip : ::1
Sat 23 Sep 2017 12:55:17, operations.getNewsSummariesForUser, 18 ms, event_name : news_list_request, user_id : qq@qq.com, user_ip : ::1
Sat 23 Sep 2017 12:55:20, operations.getNewsSummariesForUser, 15 ms, event_name : news_list_request, user_id : qq@qq.com, user_ip : ::1
Sat 23 Sep 2017 12:55:21, , event_name : news_request, user_id : qq@qq.com, user_ip : ::1, news_id : MPbMc9AlAOeyRPiCsqRPbA==

Sat 23 Sep 2017 12:57:21, , event_name : news_request, user_id : qq@qq.com, user_ip : ::1, news_id : MPbMc9AlAOeyRPiCsqRPbA==

Sat 23 Sep 2017 13:19:45, operations.getNewsSummariesForUser, 50 ms, event_name : news_list_request, user_id : tt@qq.com, user_ip : ::1
Sat 23 Sep 2017 13:25:30, operations.getNewsSummariesForUser, 48 ms, event_name : news_list_request, user_id : tt@qq.com, user_ip : ::1
Sat 23 Sep 2017 13:25:38, operations.getNewsSummariesForUser, 8 ms, event_name : news_list_request, user_id : tt@qq.com, user_ip : ::1
Sat 23 Sep 2017 13:25:46, operations.getNewsSummariesForUser, 16 ms, event_name : news_list_request, user_id : tt@qq.com, user_ip : ::1
Sat 23 Sep 2017 13:26:55, operations.getNewsSummariesForUser, 48 ms, event_name : news_list_request, user_id : tt@qq.com, user_ip : ::1
Sat 23 Sep 2017 13:27:01, operations.getNewsSummariesForUser, 16 ms, event_name : news_list_request, user_id : tt@qq.com, user_ip : ::1
Sat 23 Sep 2017 13:27:04, operations.getNewsSummariesForUser, 16 ms, event_name : news_list_request, user_id : tt@qq.com, user_ip : ::1
Sat 23 Sep 2017 13:27:07, operations.getNewsSummariesForUser, 15 ms, event_name : news_list_request, user_id : tt@qq.com, user_ip : ::1
Sat 23 Sep 2017 13:27:53, operations.getNewsSummariesForUser, 19 ms, event_name : news_list_request, user_id : tt@qq.com, user_ip : ::1
Sat 23 Sep 2017 13:27:56, operations.getNewsSummariesForUser, 50 ms, event_name : news_list_request, user_id : tt@qq.com, user_ip : ::1
Sat 23 Sep 2017 13:28:06, operations.getNewsSummariesForUser, 17 ms, event_name : news_list_request, user_id : tt@qq.com, user_ip : ::1
Sat 23 Sep 2017 13:28:16, operations.getNewsSummariesForUser, 15 ms, event_name : news_list_request, user_id : tt@qq.com, user_ip : ::1
Sat 23 Sep 2017 13:28:32, operations.getNewsSummariesForUser, 16 ms, event_name : news_list_request, user_id : tt@qq.com, user_ip : ::1
Sat 23 Sep 2017 13:28:35, operations.getNewsSummariesForUser, 14 ms, event_name : news_list_request, user_id : tt@qq.com, user_ip : ::1
Sat 23 Sep 2017 13:28:38, operations.getNewsSummariesForUser, 15 ms, event_name : news_list_request, user_id : tt@qq.com, user_ip : ::1
Sat 23 Sep 2017 13:29:40, operations.getNewsSummariesForUser, 46 ms, event_name : news_list_request, user_id : tt@qq.com, user_ip : ::1
Sat 23 Sep 2017 13:29:47, operations.getNewsSummariesForUser, 17 ms, event_name : news_list_request, user_id : tt@qq.com, user_ip : ::1
Sat 23 Sep 2017 13:29:50, operations.getNewsSummariesForUser, 18 ms, event_name : news_list_request, user_id : tt@qq.com, user_ip : ::1
Sat 23 Sep 2017 13:29:56, operations.getNewsSummariesForUser, 15 ms, event_name : news_list_request, user_id : tt@qq.com, user_ip : ::1
Sat 23 Sep 2017 13:31:19, operations.getNewsSummariesForUser, 48 ms, event_name : news_list_request, user_id : tt@qq.com, user_ip : ::1
Sat 23 Sep 2017 13:31:23, operations.getNewsSummariesForUser, 17 ms, event_name : news_list_request, user_id : tt@qq.com, user_ip : ::1
Sat 23 Sep 2017 13:31:52, operations.getNewsSummariesForUser, 17 ms, event_name : news_list_request, user_id : tt@qq.com, user_ip : ::1
Sat 23 Sep 2017 13:32:01, operations.getNewsSummariesForUser, 14 ms, event_name : news_list_request, user_id : tt@qq.com, user_ip : ::1
Sat 23 Sep 2017 13:32:03, operations.getNewsSummariesForUser, 16 ms, event_name : news_list_request, user_id : tt@qq.com, user_ip : ::1
Sat 23 Sep 2017 13:32:11, operations.getNewsSummariesForUser, 16 ms, event_name : news_list_request, user_id : tt@qq.com, user_ip : ::1
Sat 23 Sep 2017 13:32:15, , event_name : news_request, user_id : tt@qq.com, user_ip : ::1, news_id : TeqYEAkY5WInRIxUHnCsDw==

Sat 23 Sep 2017 13:32:22, operations.getNewsSummariesForUser, 47 ms, event_name : news_list_request, user_id : tt@qq.com, user_ip : ::1
Sat 23 Sep 2017 13:32:29, operations.getNewsSummariesForUser, 16 ms, event_name : news_list_request, user_id : tt@qq.com, user_ip : ::1
Sat 23 Sep 2017 13:33:38, operations.getNewsSummariesForUser, 44 ms, event_name : news_list_request, user_id : tt@qq.com, user_ip : ::1
Sat 23 Sep 2017 13:33:43, operations.getNewsSummariesForUser, 16 ms, event_name : news_list_request, user_id : tt@qq.com, user_ip : ::1
Sat 23 Sep 2017 13:33:48, operations.getNewsSummariesForUser, 19 ms, event_name : news_list_request, user_id : tt@qq.com, user_ip : ::1
Sat 23 Sep 2017 13:33:56, operations.getNewsSummariesForUser, 18 ms, event_name : news_list_request, user_id : tt@qq.com, user_ip : ::1
Sat 23 Sep 2017 13:34:00, operations.getNewsSummariesForUser, 17 ms, event_name : news_list_request, user_id : tt@qq.com, user_ip : ::1
Sat 23 Sep 2017 14:09:17, operations.getNewsSummariesForUser, 55 ms, event_name : news_list_request, user_id : tt@qq.com, user_ip : ::1
Sat 23 Sep 2017 14:09:34, operations.getNewsSummariesForUser, 15 ms, event_name : news_list_request, user_id : tt@qq.com, user_ip : ::1
Sat 23 Sep 2017 14:09:48, operations.getNewsSummariesForUser, 17 ms, event_name : news_list_request, user_id : tt@qq.com, user_ip : ::1
Sat 23 Sep 2017 14:09:52, , event_name : news_request, user_id : tt@qq.com, user_ip : ::1, news_id : lJLtCceI90bwjjHUcoLiqw==

Sat 23 Sep 2017 14:10:12, operations.getNewsSummariesForUser, 15 ms, event_name : news_list_request, user_id : tt@qq.com, user_ip : ::1
Sat 23 Sep 2017 14:15:26, operations.getNewsSummariesForUser, 50 ms, event_name : news_list_request, user_id : tt@qq.com, user_ip : ::1
Sat 23 Sep 2017 14:19:12, operations.getNewsSummariesForUser, 48 ms, event_name : news_list_request, user_id : tt@qq.com, user_ip : ::1
Sat 23 Sep 2017 14:20:18, operations.getNewsSummariesForUser, 54 ms, event_name : news_list_request, user_id : tt@qq.com, user_ip : ::1
Sat 23 Sep 2017 14:20:42, operations.getNewsSummariesForUser, 17 ms, event_name : news_list_request, user_id : tt@qq.com, user_ip : ::1
Sat 23 Sep 2017 14:20:56, , event_name : news_request, user_id : tt@qq.com, user_ip : ::1, news_id : hwjpnuBm4yrkBG1JcKVvQA==

Sat 23 Sep 2017 14:21:59, operations.getNewsSummariesForUser, 46 ms, event_name : news_list_request, user_id : tt@qq.com, user_ip : ::1
Sat 23 Sep 2017 14:22:09, operations.getNewsSummariesForUser, 17 ms, event_name : news_list_request, user_id : tt@qq.com, user_ip : ::1
Sat 23 Sep 2017 14:28:22, operations.getNewsSummariesForUser, 34 ms, event_name : news_list_request, user_id : tt@qq.com, user_ip : ::1
Sat 23 Sep 2017 15:05:07, operations.getNewsSummariesForUser, 38 ms, event_name : news_list_request, user_id : tt@qq.com, user_ip : ::1
Sat 23 Sep 2017 15:42:15, operations.getNewsSummariesForUser, 25 ms, event_name : news_list_request, user_id : tt@qq.com, user_ip : ::1
Sat 23 Sep 2017 15:42:34, , event_name : news_request, user_id : tt@qq.com, user_ip : ::1, news_id : Q5qVre4XTiwnHByju5pLPA==

Sat 23 Sep 2017 15:42:45, JsonRpcError(-32603): global name 'news_class_digests' is not defined -- Traceback (most recent call last):
  File "/home/yuyu/.local/lib/python2.7/site-packages/pyjsonrpc/rpclib.py", line 114, in call
    result = rpc_function(*positional_params, **named_params)
  File "service.py", line 23, in getNewsSummariesForUser
    response = operations.getNewsSummariesForUser(user_id, page_num, user_ip)
  File "/home/yuyu/bittigercs503-1703-llliuyu/week11/backend_server/operations.py", line 57, in getNewsSummariesForUser
    news_digests = sortNews(news_class_digests, preference)
NameError: global name 'news_class_digests' is not defined

Sat 23 Sep 2017 15:42:47, JsonRpcError(-32603): global name 'news_class_digests' is not defined -- Traceback (most recent call last):
  File "/home/yuyu/.local/lib/python2.7/site-packages/pyjsonrpc/rpclib.py", line 114, in call
    result = rpc_function(*positional_params, **named_params)
  File "service.py", line 23, in getNewsSummariesForUser
    response = operations.getNewsSummariesForUser(user_id, page_num, user_ip)
  File "/home/yuyu/bittigercs503-1703-llliuyu/week11/backend_server/operations.py", line 57, in getNewsSummariesForUser
    news_digests = sortNews(news_class_digests, preference)
NameError: global name 'news_class_digests' is not defined

Sat 23 Sep 2017 15:42:54, JsonRpcError(-32603): global name 'news_class_digests' is not defined -- Traceback (most recent call last):
  File "/home/yuyu/.local/lib/python2.7/site-packages/pyjsonrpc/rpclib.py", line 114, in call
    result = rpc_function(*positional_params, **named_params)
  File "service.py", line 23, in getNewsSummariesForUser
    response = operations.getNewsSummariesForUser(user_id, page_num, user_ip)
  File "/home/yuyu/bittigercs503-1703-llliuyu/week11/backend_server/operations.py", line 57, in getNewsSummariesForUser
    news_digests = sortNews(news_class_digests, preference)
NameError: global name 'news_class_digests' is not defined

Sat 23 Sep 2017 15:43:01, JsonRpcError(-32603): global name 'news_class_digests' is not defined -- Traceback (most recent call last):
  File "/home/yuyu/.local/lib/python2.7/site-packages/pyjsonrpc/rpclib.py", line 114, in call
    result = rpc_function(*positional_params, **named_params)
  File "service.py", line 23, in getNewsSummariesForUser
    response = operations.getNewsSummariesForUser(user_id, page_num, user_ip)
  File "/home/yuyu/bittigercs503-1703-llliuyu/week11/backend_server/operations.py", line 57, in getNewsSummariesForUser
    news_digests = sortNews(news_class_digests, preference)
NameError: global name 'news_class_digests' is not defined

Sat 23 Sep 2017 15:43:06, JsonRpcError(-32603): global name 'news_class_digests' is not defined -- Traceback (most recent call last):
  File "/home/yuyu/.local/lib/python2.7/site-packages/pyjsonrpc/rpclib.py", line 114, in call
    result = rpc_function(*positional_params, **named_params)
  File "service.py", line 23, in getNewsSummariesForUser
    response = operations.getNewsSummariesForUser(user_id, page_num, user_ip)
  File "/home/yuyu/bittigercs503-1703-llliuyu/week11/backend_server/operations.py", line 57, in getNewsSummariesForUser
    news_digests = sortNews(news_class_digests, preference)
NameError: global name 'news_class_digests' is not defined

Sat 23 Sep 2017 15:43:21, operations.getNewsSummariesForUser, 32 ms, event_name : news_list_request, user_id : tt@qq.com, user_ip : ::1
Sat 23 Sep 2017 15:43:28, JsonRpcError(-32603): global name 'news_class_digests' is not defined -- Traceback (most recent call last):
  File "/home/yuyu/.local/lib/python2.7/site-packages/pyjsonrpc/rpclib.py", line 114, in call
    result = rpc_function(*positional_params, **named_params)
  File "service.py", line 23, in getNewsSummariesForUser
    response = operations.getNewsSummariesForUser(user_id, page_num, user_ip)
  File "/home/yuyu/bittigercs503-1703-llliuyu/week11/backend_server/operations.py", line 57, in getNewsSummariesForUser
    news_digests = sortNews(news_class_digests, preference)
NameError: global name 'news_class_digests' is not defined

Sat 23 Sep 2017 15:43:41, JsonRpcError(-32603): global name 'news_class_digests' is not defined -- Traceback (most recent call last):
  File "/home/yuyu/.local/lib/python2.7/site-packages/pyjsonrpc/rpclib.py", line 114, in call
    result = rpc_function(*positional_params, **named_params)
  File "service.py", line 23, in getNewsSummariesForUser
    response = operations.getNewsSummariesForUser(user_id, page_num, user_ip)
  File "/home/yuyu/bittigercs503-1703-llliuyu/week11/backend_server/operations.py", line 57, in getNewsSummariesForUser
    news_digests = sortNews(news_class_digests, preference)
NameError: global name 'news_class_digests' is not defined

Sat 23 Sep 2017 15:43:56, JsonRpcError(-32603): global name 'news_class_digests' is not defined -- Traceback (most recent call last):
  File "/home/yuyu/.local/lib/python2.7/site-packages/pyjsonrpc/rpclib.py", line 114, in call
    result = rpc_function(*positional_params, **named_params)
  File "service.py", line 23, in getNewsSummariesForUser
    response = operations.getNewsSummariesForUser(user_id, page_num, user_ip)
  File "/home/yuyu/bittigercs503-1703-llliuyu/week11/backend_server/operations.py", line 57, in getNewsSummariesForUser
    news_digests = sortNews(news_class_digests, preference)
NameError: global name 'news_class_digests' is not defined

Sat 23 Sep 2017 15:44:14, JsonRpcError(-32603): global name 'news_class_digests' is not defined -- Traceback (most recent call last):
  File "/home/yuyu/.local/lib/python2.7/site-packages/pyjsonrpc/rpclib.py", line 114, in call
    result = rpc_function(*positional_params, **named_params)
  File "service.py", line 23, in getNewsSummariesForUser
    response = operations.getNewsSummariesForUser(user_id, page_num, user_ip)
  File "/home/yuyu/bittigercs503-1703-llliuyu/week11/backend_server/operations.py", line 57, in getNewsSummariesForUser
    news_digests = sortNews(news_class_digests, preference)
NameError: global name 'news_class_digests' is not defined

Sat 23 Sep 2017 15:44:17, JsonRpcError(-32603): global name 'news_class_digests' is not defined -- Traceback (most recent call last):
  File "/home/yuyu/.local/lib/python2.7/site-packages/pyjsonrpc/rpclib.py", line 114, in call
    result = rpc_function(*positional_params, **named_params)
  File "service.py", line 23, in getNewsSummariesForUser
    response = operations.getNewsSummariesForUser(user_id, page_num, user_ip)
  File "/home/yuyu/bittigercs503-1703-llliuyu/week11/backend_server/operations.py", line 57, in getNewsSummariesForUser
    news_digests = sortNews(news_class_digests, preference)
NameError: global name 'news_class_digests' is not defined

Sat 23 Sep 2017 15:44:20, JsonRpcError(-32603): global name 'news_class_digests' is not defined -- Traceback (most recent call last):
  File "/home/yuyu/.local/lib/python2.7/site-packages/pyjsonrpc/rpclib.py", line 114, in call
    result = rpc_function(*positional_params, **named_params)
  File "service.py", line 23, in getNewsSummariesForUser
    response = operations.getNewsSummariesForUser(user_id, page_num, user_ip)
  File "/home/yuyu/bittigercs503-1703-llliuyu/week11/backend_server/operations.py", line 57, in getNewsSummariesForUser
    news_digests = sortNews(news_class_digests, preference)
NameError: global name 'news_class_digests' is not defined

Sat 23 Sep 2017 15:44:24, operations.getNewsSummariesForUser, 28 ms, event_name : news_list_request, user_id : tt@qq.com, user_ip : ::1
Sat 23 Sep 2017 15:44:29, JsonRpcError(-32603): global name 'news_class_digests' is not defined -- Traceback (most recent call last):
  File "/home/yuyu/.local/lib/python2.7/site-packages/pyjsonrpc/rpclib.py", line 114, in call
    result = rpc_function(*positional_params, **named_params)
  File "service.py", line 23, in getNewsSummariesForUser
    response = operations.getNewsSummariesForUser(user_id, page_num, user_ip)
  File "/home/yuyu/bittigercs503-1703-llliuyu/week11/backend_server/operations.py", line 57, in getNewsSummariesForUser
    news_digests = sortNews(news_class_digests, preference)
NameError: global name 'news_class_digests' is not defined

Sat 23 Sep 2017 15:44:34, JsonRpcError(-32603): global name 'news_class_digests' is not defined -- Traceback (most recent call last):
  File "/home/yuyu/.local/lib/python2.7/site-packages/pyjsonrpc/rpclib.py", line 114, in call
    result = rpc_function(*positional_params, **named_params)
  File "service.py", line 23, in getNewsSummariesForUser
    response = operations.getNewsSummariesForUser(user_id, page_num, user_ip)
  File "/home/yuyu/bittigercs503-1703-llliuyu/week11/backend_server/operations.py", line 57, in getNewsSummariesForUser
    news_digests = sortNews(news_class_digests, preference)
NameError: global name 'news_class_digests' is not defined

Sat 23 Sep 2017 15:44:37, JsonRpcError(-32603): global name 'news_class_digests' is not defined -- Traceback (most recent call last):
  File "/home/yuyu/.local/lib/python2.7/site-packages/pyjsonrpc/rpclib.py", line 114, in call
    result = rpc_function(*positional_params, **named_params)
  File "service.py", line 23, in getNewsSummariesForUser
    response = operations.getNewsSummariesForUser(user_id, page_num, user_ip)
  File "/home/yuyu/bittigercs503-1703-llliuyu/week11/backend_server/operations.py", line 57, in getNewsSummariesForUser
    news_digests = sortNews(news_class_digests, preference)
NameError: global name 'news_class_digests' is not defined

Sat 23 Sep 2017 15:44:48, JsonRpcError(-32603): global name 'news_class_digests' is not defined -- Traceback (most recent call last):
  File "/home/yuyu/.local/lib/python2.7/site-packages/pyjsonrpc/rpclib.py", line 114, in call
    result = rpc_function(*positional_params, **named_params)
  File "service.py", line 23, in getNewsSummariesForUser
    response = operations.getNewsSummariesForUser(user_id, page_num, user_ip)
  File "/home/yuyu/bittigercs503-1703-llliuyu/week11/backend_server/operations.py", line 57, in getNewsSummariesForUser
    news_digests = sortNews(news_class_digests, preference)
NameError: global name 'news_class_digests' is not defined

Sat 23 Sep 2017 15:44:49, JsonRpcError(-32603): global name 'news_class_digests' is not defined -- Traceback (most recent call last):
  File "/home/yuyu/.local/lib/python2.7/site-packages/pyjsonrpc/rpclib.py", line 114, in call
    result = rpc_function(*positional_params, **named_params)
  File "service.py", line 23, in getNewsSummariesForUser
    response = operations.getNewsSummariesForUser(user_id, page_num, user_ip)
  File "/home/yuyu/bittigercs503-1703-llliuyu/week11/backend_server/operations.py", line 57, in getNewsSummariesForUser
    news_digests = sortNews(news_class_digests, preference)
NameError: global name 'news_class_digests' is not defined

Sat 23 Sep 2017 15:44:51, JsonRpcError(-32603): global name 'news_class_digests' is not defined -- Traceback (most recent call last):
  File "/home/yuyu/.local/lib/python2.7/site-packages/pyjsonrpc/rpclib.py", line 114, in call
    result = rpc_function(*positional_params, **named_params)
  File "service.py", line 23, in getNewsSummariesForUser
    response = operations.getNewsSummariesForUser(user_id, page_num, user_ip)
  File "/home/yuyu/bittigercs503-1703-llliuyu/week11/backend_server/operations.py", line 57, in getNewsSummariesForUser
    news_digests = sortNews(news_class_digests, preference)
NameError: global name 'news_class_digests' is not defined

Sat 23 Sep 2017 15:45:16, JsonRpcError(-32603): global name 'news_class_digests' is not defined -- Traceback (most recent call last):
  File "/home/yuyu/.local/lib/python2.7/site-packages/pyjsonrpc/rpclib.py", line 114, in call
    result = rpc_function(*positional_params, **named_params)
  File "service.py", line 23, in getNewsSummariesForUser
    response = operations.getNewsSummariesForUser(user_id, page_num, user_ip)
  File "/home/yuyu/bittigercs503-1703-llliuyu/week11/backend_server/operations.py", line 57, in getNewsSummariesForUser
    news_digests = sortNews(news_class_digests, preference)
NameError: global name 'news_class_digests' is not defined

Sat 23 Sep 2017 15:45:20, JsonRpcError(-32603): global name 'news_class_digests' is not defined -- Traceback (most recent call last):
  File "/home/yuyu/.local/lib/python2.7/site-packages/pyjsonrpc/rpclib.py", line 114, in call
    result = rpc_function(*positional_params, **named_params)
  File "service.py", line 23, in getNewsSummariesForUser
    response = operations.getNewsSummariesForUser(user_id, page_num, user_ip)
  File "/home/yuyu/bittigercs503-1703-llliuyu/week11/backend_server/operations.py", line 57, in getNewsSummariesForUser
    news_digests = sortNews(news_class_digests, preference)
NameError: global name 'news_class_digests' is not defined

Sat 23 Sep 2017 15:45:23, JsonRpcError(-32603): global name 'news_class_digests' is not defined -- Traceback (most recent call last):
  File "/home/yuyu/.local/lib/python2.7/site-packages/pyjsonrpc/rpclib.py", line 114, in call
    result = rpc_function(*positional_params, **named_params)
  File "service.py", line 23, in getNewsSummariesForUser
    response = operations.getNewsSummariesForUser(user_id, page_num, user_ip)
  File "/home/yuyu/bittigercs503-1703-llliuyu/week11/backend_server/operations.py", line 57, in getNewsSummariesForUser
    news_digests = sortNews(news_class_digests, preference)
NameError: global name 'news_class_digests' is not defined

Sat 23 Sep 2017 15:45:26, operations.getNewsSummariesForUser, 28 ms, event_name : news_list_request, user_id : tt@qq.com, user_ip : ::1
Sat 23 Sep 2017 15:45:30, JsonRpcError(-32603): global name 'news_class_digests' is not defined -- Traceback (most recent call last):
  File "/home/yuyu/.local/lib/python2.7/site-packages/pyjsonrpc/rpclib.py", line 114, in call
    result = rpc_function(*positional_params, **named_params)
  File "service.py", line 23, in getNewsSummariesForUser
    response = operations.getNewsSummariesForUser(user_id, page_num, user_ip)
  File "/home/yuyu/bittigercs503-1703-llliuyu/week11/backend_server/operations.py", line 57, in getNewsSummariesForUser
    news_digests = sortNews(news_class_digests, preference)
NameError: global name 'news_class_digests' is not defined

Sat 23 Sep 2017 15:46:49, operations.getNewsSummariesForUser, 29 ms, event_name : news_list_request, user_id : tt@qq.com, user_ip : ::1
Sat 23 Sep 2017 15:46:54, JsonRpcError(-32603): global name 'news_class_digests' is not defined -- Traceback (most recent call last):
  File "/home/yuyu/.local/lib/python2.7/site-packages/pyjsonrpc/rpclib.py", line 114, in call
    result = rpc_function(*positional_params, **named_params)
  File "service.py", line 23, in getNewsSummariesForUser
    response = operations.getNewsSummariesForUser(user_id, page_num, user_ip)
  File "/home/yuyu/bittigercs503-1703-llliuyu/week11/backend_server/operations.py", line 57, in getNewsSummariesForUser
    news_digests = sortNews(news_class_digests, preference)
NameError: global name 'news_class_digests' is not defined

Sat 23 Sep 2017 15:46:55, JsonRpcError(-32603): global name 'news_class_digests' is not defined -- Traceback (most recent call last):
  File "/home/yuyu/.local/lib/python2.7/site-packages/pyjsonrpc/rpclib.py", line 114, in call
    result = rpc_function(*positional_params, **named_params)
  File "service.py", line 23, in getNewsSummariesForUser
    response = operations.getNewsSummariesForUser(user_id, page_num, user_ip)
  File "/home/yuyu/bittigercs503-1703-llliuyu/week11/backend_server/operations.py", line 57, in getNewsSummariesForUser
    news_digests = sortNews(news_class_digests, preference)
NameError: global name 'news_class_digests' is not defined

Sat 23 Sep 2017 15:47:03, JsonRpcError(-32603): global name 'news_class_digests' is not defined -- Traceback (most recent call last):
  File "/home/yuyu/.local/lib/python2.7/site-packages/pyjsonrpc/rpclib.py", line 114, in call
    result = rpc_function(*positional_params, **named_params)
  File "service.py", line 23, in getNewsSummariesForUser
    response = operations.getNewsSummariesForUser(user_id, page_num, user_ip)
  File "/home/yuyu/bittigercs503-1703-llliuyu/week11/backend_server/operations.py", line 57, in getNewsSummariesForUser
    news_digests = sortNews(news_class_digests, preference)
NameError: global name 'news_class_digests' is not defined

Sat 23 Sep 2017 15:47:13, JsonRpcError(-32603): global name 'news_class_digests' is not defined -- Traceback (most recent call last):
  File "/home/yuyu/.local/lib/python2.7/site-packages/pyjsonrpc/rpclib.py", line 114, in call
    result = rpc_function(*positional_params, **named_params)
  File "service.py", line 23, in getNewsSummariesForUser
    response = operations.getNewsSummariesForUser(user_id, page_num, user_ip)
  File "/home/yuyu/bittigercs503-1703-llliuyu/week11/backend_server/operations.py", line 57, in getNewsSummariesForUser
    news_digests = sortNews(news_class_digests, preference)
NameError: global name 'news_class_digests' is not defined

Sat 23 Sep 2017 15:47:31, JsonRpcError(-32603): global name 'news_class_digests' is not defined -- Traceback (most recent call last):
  File "/home/yuyu/.local/lib/python2.7/site-packages/pyjsonrpc/rpclib.py", line 114, in call
    result = rpc_function(*positional_params, **named_params)
  File "service.py", line 23, in getNewsSummariesForUser
    response = operations.getNewsSummariesForUser(user_id, page_num, user_ip)
  File "/home/yuyu/bittigercs503-1703-llliuyu/week11/backend_server/operations.py", line 57, in getNewsSummariesForUser
    news_digests = sortNews(news_class_digests, preference)
NameError: global name 'news_class_digests' is not defined

Sat 23 Sep 2017 15:48:12, operations.getNewsSummariesForUser, 32 ms, event_name : news_list_request, user_id : tt@qq.com, user_ip : ::1
Sat 23 Sep 2017 15:48:21, , event_name : news_request, user_id : tt@qq.com, user_ip : ::1, news_id : LVkbWVtQ9vOCp4SSAzR18Q==

Sat 23 Sep 2017 15:48:29, JsonRpcError(-32603): global name 'news_class_digests' is not defined -- Traceback (most recent call last):
  File "/home/yuyu/.local/lib/python2.7/site-packages/pyjsonrpc/rpclib.py", line 114, in call
    result = rpc_function(*positional_params, **named_params)
  File "service.py", line 23, in getNewsSummariesForUser
    response = operations.getNewsSummariesForUser(user_id, page_num, user_ip)
  File "/home/yuyu/bittigercs503-1703-llliuyu/week11/backend_server/operations.py", line 57, in getNewsSummariesForUser
    news_digests = sortNews(news_class_digests, preference)
NameError: global name 'news_class_digests' is not defined

Sat 23 Sep 2017 15:49:18, operations.getNewsSummariesForUser, 27 ms, event_name : news_list_request, user_id : tt@qq.com, user_ip : ::1
Sat 23 Sep 2017 15:49:28, JsonRpcError(-32603): global name 'news_class_digests' is not defined -- Traceback (most recent call last):
  File "/home/yuyu/.local/lib/python2.7/site-packages/pyjsonrpc/rpclib.py", line 114, in call
    result = rpc_function(*positional_params, **named_params)
  File "service.py", line 23, in getNewsSummariesForUser
    response = operations.getNewsSummariesForUser(user_id, page_num, user_ip)
  File "/home/yuyu/bittigercs503-1703-llliuyu/week11/backend_server/operations.py", line 57, in getNewsSummariesForUser
    news_digests = sortNews(news_class_digests, preference)
NameError: global name 'news_class_digests' is not defined

Sat 23 Sep 2017 15:49:32, JsonRpcError(-32603): global name 'news_class_digests' is not defined -- Traceback (most recent call last):
  File "/home/yuyu/.local/lib/python2.7/site-packages/pyjsonrpc/rpclib.py", line 114, in call
    result = rpc_function(*positional_params, **named_params)
  File "service.py", line 23, in getNewsSummariesForUser
    response = operations.getNewsSummariesForUser(user_id, page_num, user_ip)
  File "/home/yuyu/bittigercs503-1703-llliuyu/week11/backend_server/operations.py", line 57, in getNewsSummariesForUser
    news_digests = sortNews(news_class_digests, preference)
NameError: global name 'news_class_digests' is not defined

Sat 23 Sep 2017 15:50:21, , event_name : news_request, user_id : tt@qq.com, user_ip : ::1, news_id : LVkbWVtQ9vOCp4SSAzR18Q==

Sat 23 Sep 2017 15:52:21, , event_name : news_request, user_id : tt@qq.com, user_ip : ::1, news_id : LVkbWVtQ9vOCp4SSAzR18Q==

Sat 23 Sep 2017 15:56:01, operations.getNewsSummariesForUser, 31 ms, event_name : news_list_request, user_id : tt@qq.com, user_ip : ::1
Sat 23 Sep 2017 15:56:06, JsonRpcError(-32603): global name 'news_class_digests' is not defined -- Traceback (most recent call last):
  File "/home/yuyu/.local/lib/python2.7/site-packages/pyjsonrpc/rpclib.py", line 114, in call
    result = rpc_function(*positional_params, **named_params)
  File "service.py", line 23, in getNewsSummariesForUser
    response = operations.getNewsSummariesForUser(user_id, page_num, user_ip)
  File "/home/yuyu/bittigercs503-1703-llliuyu/week11/backend_server/operations.py", line 57, in getNewsSummariesForUser
    news_digests = sortNews(news_class_digests, preference)
NameError: global name 'news_class_digests' is not defined

Sat 23 Sep 2017 15:56:32, JsonRpcError(-32603): global name 'news_class_digests' is not defined -- Traceback (most recent call last):
  File "/home/yuyu/.local/lib/python2.7/site-packages/pyjsonrpc/rpclib.py", line 114, in call
    result = rpc_function(*positional_params, **named_params)
  File "service.py", line 23, in getNewsSummariesForUser
    response = operations.getNewsSummariesForUser(user_id, page_num, user_ip)
  File "/home/yuyu/bittigercs503-1703-llliuyu/week11/backend_server/operations.py", line 57, in getNewsSummariesForUser
    news_digests = sortNews(news_class_digests, preference)
NameError: global name 'news_class_digests' is not defined

Sat 23 Sep 2017 15:58:06, operations.getNewsSummariesForUser, 30 ms, event_name : news_list_request, user_id : tt@qq.com, user_ip : ::1
Sat 23 Sep 2017 15:58:15, , event_name : news_request, user_id : tt@qq.com, user_ip : ::1, news_id : hwjpnuBm4yrkBG1JcKVvQA==

Sat 23 Sep 2017 15:58:22, , event_name : news_request, user_id : tt@qq.com, user_ip : ::1, news_id : YiUrpRAhg7HNQ38nISnPLw==

Sat 23 Sep 2017 15:58:31, JsonRpcError(-32603): global name 'news_class_digests' is not defined -- Traceback (most recent call last):
  File "/home/yuyu/.local/lib/python2.7/site-packages/pyjsonrpc/rpclib.py", line 114, in call
    result = rpc_function(*positional_params, **named_params)
  File "service.py", line 23, in getNewsSummariesForUser
    response = operations.getNewsSummariesForUser(user_id, page_num, user_ip)
  File "/home/yuyu/bittigercs503-1703-llliuyu/week11/backend_server/operations.py", line 57, in getNewsSummariesForUser
    news_digests = sortNews(news_class_digests, preference)
NameError: global name 'news_class_digests' is not defined

Sat 23 Sep 2017 15:59:43, operations.getNewsSummariesForUser, 32 ms, event_name : news_list_request, user_id : tt@qq.com, user_ip : ::1
Sat 23 Sep 2017 15:59:47, JsonRpcError(-32603): global name 'news_class_digests' is not defined -- Traceback (most recent call last):
  File "/home/yuyu/.local/lib/python2.7/site-packages/pyjsonrpc/rpclib.py", line 114, in call
    result = rpc_function(*positional_params, **named_params)
  File "service.py", line 23, in getNewsSummariesForUser
    response = operations.getNewsSummariesForUser(user_id, page_num, user_ip)
  File "/home/yuyu/bittigercs503-1703-llliuyu/week11/backend_server/operations.py", line 57, in getNewsSummariesForUser
    news_digests = sortNews(news_class_digests, preference)
NameError: global name 'news_class_digests' is not defined

Sat 23 Sep 2017 15:59:58, JsonRpcError(-32603): global name 'news_class_digests' is not defined -- Traceback (most recent call last):
  File "/home/yuyu/.local/lib/python2.7/site-packages/pyjsonrpc/rpclib.py", line 114, in call
    result = rpc_function(*positional_params, **named_params)
  File "service.py", line 23, in getNewsSummariesForUser
    response = operations.getNewsSummariesForUser(user_id, page_num, user_ip)
  File "/home/yuyu/bittigercs503-1703-llliuyu/week11/backend_server/operations.py", line 57, in getNewsSummariesForUser
    news_digests = sortNews(news_class_digests, preference)
NameError: global name 'news_class_digests' is not defined

Sat 23 Sep 2017 16:00:48, operations.getNewsSummariesForUser, 33 ms, event_name : news_list_request, user_id : tt@qq.com, user_ip : ::1
Sat 23 Sep 2017 16:00:54, JsonRpcError(-32603): global name 'news_class_digests' is not defined -- Traceback (most recent call last):
  File "/home/yuyu/.local/lib/python2.7/site-packages/pyjsonrpc/rpclib.py", line 114, in call
    result = rpc_function(*positional_params, **named_params)
  File "service.py", line 23, in getNewsSummariesForUser
    response = operations.getNewsSummariesForUser(user_id, page_num, user_ip)
  File "/home/yuyu/bittigercs503-1703-llliuyu/week11/backend_server/operations.py", line 57, in getNewsSummariesForUser
    news_digests = sortNews(news_class_digests, preference)
NameError: global name 'news_class_digests' is not defined

Sat 23 Sep 2017 16:01:04, JsonRpcError(-32603): global name 'news_class_digests' is not defined -- Traceback (most recent call last):
  File "/home/yuyu/.local/lib/python2.7/site-packages/pyjsonrpc/rpclib.py", line 114, in call
    result = rpc_function(*positional_params, **named_params)
  File "service.py", line 23, in getNewsSummariesForUser
    response = operations.getNewsSummariesForUser(user_id, page_num, user_ip)
  File "/home/yuyu/bittigercs503-1703-llliuyu/week11/backend_server/operations.py", line 57, in getNewsSummariesForUser
    news_digests = sortNews(news_class_digests, preference)
NameError: global name 'news_class_digests' is not defined

Sat 23 Sep 2017 16:01:44, JsonRpcError(-32603): global name 'news_class_digests' is not defined -- Traceback (most recent call last):
  File "/home/yuyu/.local/lib/python2.7/site-packages/pyjsonrpc/rpclib.py", line 114, in call
    result = rpc_function(*positional_params, **named_params)
  File "service.py", line 23, in getNewsSummariesForUser
    response = operations.getNewsSummariesForUser(user_id, page_num, user_ip)
  File "/home/yuyu/bittigercs503-1703-llliuyu/week11/backend_server/operations.py", line 57, in getNewsSummariesForUser
    #news_class_digests = pickle.loads(redis_client.get(user_id))
NameError: global name 'news_class_digests' is not defined

Sat 23 Sep 2017 16:01:54, operations.getNewsSummariesForUser, 32 ms, event_name : news_list_request, user_id : tt@qq.com, user_ip : ::1
Sat 23 Sep 2017 16:03:42, operations.getNewsSummariesForUser, 36 ms, event_name : news_list_request, user_id : tt@qq.com, user_ip : ::1
Sat 23 Sep 2017 16:03:48, JsonRpcError(-32603): Internal JSON-RPC error. -- Traceback (most recent call last):
  File "/home/yuyu/.local/lib/python2.7/site-packages/pyjsonrpc/rpclib.py", line 114, in call
    result = rpc_function(*positional_params, **named_params)
  File "service.py", line 23, in getNewsSummariesForUser
    response = operations.getNewsSummariesForUser(user_id, page_num, user_ip)
  File "/home/yuyu/bittigercs503-1703-llliuyu/week11/backend_server/operations.py", line 65, in getNewsSummariesForUser
    sliced_news_digests = news_digests[begin_index:end_index]
TypeError: 'NoneType' object has no attribute '__getitem__'

Sat 23 Sep 2017 16:03:57, JsonRpcError(-32603): Internal JSON-RPC error. -- Traceback (most recent call last):
  File "/home/yuyu/.local/lib/python2.7/site-packages/pyjsonrpc/rpclib.py", line 114, in call
    result = rpc_function(*positional_params, **named_params)
  File "service.py", line 23, in getNewsSummariesForUser
    response = operations.getNewsSummariesForUser(user_id, page_num, user_ip)
  File "/home/yuyu/bittigercs503-1703-llliuyu/week11/backend_server/operations.py", line 65, in getNewsSummariesForUser
    sliced_news_digests = news_digests[begin_index:end_index]
TypeError: 'NoneType' object has no attribute '__getitem__'

Sat 23 Sep 2017 16:04:58, operations.getNewsSummariesForUser, 31 ms, event_name : news_list_request, user_id : tt@qq.com, user_ip : ::1
Sat 23 Sep 2017 16:05:04, JsonRpcError(-32603): Internal JSON-RPC error. -- Traceback (most recent call last):
  File "/home/yuyu/.local/lib/python2.7/site-packages/pyjsonrpc/rpclib.py", line 114, in call
    result = rpc_function(*positional_params, **named_params)
  File "service.py", line 23, in getNewsSummariesForUser
    response = operations.getNewsSummariesForUser(user_id, page_num, user_ip)
  File "/home/yuyu/bittigercs503-1703-llliuyu/week11/backend_server/operations.py", line 65, in getNewsSummariesForUser
    sliced_news_digests = news_digests[begin_index:end_index]
TypeError: 'NoneType' object has no attribute '__getitem__'

Sat 23 Sep 2017 16:06:35, operations.getNewsSummariesForUser, 30 ms, event_name : news_list_request, user_id : tt@qq.com, user_ip : ::1
Sat 23 Sep 2017 16:06:41, JsonRpcError(-32603): Internal JSON-RPC error. -- Traceback (most recent call last):
  File "/home/yuyu/.local/lib/python2.7/site-packages/pyjsonrpc/rpclib.py", line 114, in call
    result = rpc_function(*positional_params, **named_params)
  File "service.py", line 23, in getNewsSummariesForUser
    response = operations.getNewsSummariesForUser(user_id, page_num, user_ip)
  File "/home/yuyu/bittigercs503-1703-llliuyu/week11/backend_server/operations.py", line 65, in getNewsSummariesForUser
    sliced_news_digests = news_digests[begin_index:end_index]
TypeError: 'NoneType' object has no attribute '__getitem__'

Sat 23 Sep 2017 16:07:35, operations.getNewsSummariesForUser, 34 ms, event_name : news_list_request, user_id : tt@qq.com, user_ip : ::1
Sat 23 Sep 2017 16:07:38, operations.getNewsSummariesForUser, 15 ms, event_name : news_list_request, user_id : tt@qq.com, user_ip : ::1
Sat 23 Sep 2017 16:08:02, operations.getNewsSummariesForUser, 16 ms, event_name : news_list_request, user_id : tt@qq.com, user_ip : ::1
Sat 23 Sep 2017 16:08:05, operations.getNewsSummariesForUser, 13 ms, event_name : news_list_request, user_id : tt@qq.com, user_ip : ::1
Sat 23 Sep 2017 16:08:08, operations.getNewsSummariesForUser, 14 ms, event_name : news_list_request, user_id : tt@qq.com, user_ip : ::1
Sat 23 Sep 2017 16:08:11, operations.getNewsSummariesForUser, 17 ms, event_name : news_list_request, user_id : tt@qq.com, user_ip : ::1
Sat 23 Sep 2017 16:10:12, operations.getNewsSummariesForUser, 33 ms, event_name : news_list_request, user_id : tt@qq.com, user_ip : ::1
Sat 23 Sep 2017 16:10:32, operations.getNewsSummariesForUser, 15 ms, event_name : news_list_request, user_id : tt@qq.com, user_ip : ::1
Sat 23 Sep 2017 16:11:03, operations.getNewsSummariesForUser, 18 ms, event_name : news_list_request, user_id : tt@qq.com, user_ip : ::1
Sat 23 Sep 2017 16:11:10, operations.getNewsSummariesForUser, 17 ms, event_name : news_list_request, user_id : tt@qq.com, user_ip : ::1
Sat 23 Sep 2017 16:11:24, operations.getNewsSummariesForUser, 34 ms, event_name : news_list_request, user_id : tt@qq.com, user_ip : ::1
Sat 23 Sep 2017 16:11:30, operations.getNewsSummariesForUser, 8 ms, event_name : news_list_request, user_id : tt@qq.com, user_ip : ::1
Sat 23 Sep 2017 16:11:35, operations.getNewsSummariesForUser, 15 ms, event_name : news_list_request, user_id : tt@qq.com, user_ip : ::1
Sat 23 Sep 2017 16:11:43, operations.getNewsSummariesForUser, 7 ms, event_name : news_list_request, user_id : tt@qq.com, user_ip : ::1
Sat 23 Sep 2017 16:12:05, operations.getNewsSummariesForUser, 27 ms, event_name : news_list_request, user_id : yy@qq.com, user_ip : ::1
Sat 23 Sep 2017 16:12:11, JsonRpcError(-32603): list index out of range -- Traceback (most recent call last):
  File "/home/yuyu/.local/lib/python2.7/site-packages/pyjsonrpc/rpclib.py", line 114, in call
    result = rpc_function(*positional_params, **named_params)
  File "service.py", line 23, in getNewsSummariesForUser
    response = operations.getNewsSummariesForUser(user_id, page_num, user_ip)
  File "/home/yuyu/bittigercs503-1703-llliuyu/week11/backend_server/operations.py", line 59, in getNewsSummariesForUser
    news_digests = sortNews(news_class_digests, preference)
  File "/home/yuyu/bittigercs503-1703-llliuyu/week11/backend_server/operations.py", line 101, in sortNews
    if item[0] == preference[0]:
IndexError: list index out of range

Sat 23 Sep 2017 16:12:37, JsonRpcError(-32603): list index out of range -- Traceback (most recent call last):
  File "/home/yuyu/.local/lib/python2.7/site-packages/pyjsonrpc/rpclib.py", line 114, in call
    result = rpc_function(*positional_params, **named_params)
  File "service.py", line 23, in getNewsSummariesForUser
    response = operations.getNewsSummariesForUser(user_id, page_num, user_ip)
  File "/home/yuyu/bittigercs503-1703-llliuyu/week11/backend_server/operations.py", line 59, in getNewsSummariesForUser
    news_digests = sortNews(news_class_digests, preference)
  File "/home/yuyu/bittigercs503-1703-llliuyu/week11/backend_server/operations.py", line 101, in sortNews
    if item[0] == preference[0]:
IndexError: list index out of range

Sat 23 Sep 2017 16:15:11, operations.getNewsSummariesForUser, 34 ms, event_name : news_list_request, user_id : yy@qq.com, user_ip : ::1
Sat 23 Sep 2017 16:15:28, , event_name : news_request, user_id : yy@qq.com, user_ip : ::1, news_id : Elp5kFUDJfhyxqF+fjxTsA==

Sat 23 Sep 2017 16:15:43, operations.getNewsSummariesForUser, 14 ms, event_name : news_list_request, user_id : yy@qq.com, user_ip : ::1
Sat 23 Sep 2017 16:15:58, operations.getNewsSummariesForUser, 17 ms, event_name : news_list_request, user_id : yy@qq.com, user_ip : ::1
Sat 23 Sep 2017 16:16:01, , event_name : news_request, user_id : yy@qq.com, user_ip : ::1, news_id : Tv4+WypDCx4MZwXrcwCfYw==

Sat 23 Sep 2017 16:16:08, , event_name : news_request, user_id : yy@qq.com, user_ip : ::1, news_id : lJLtCceI90bwjjHUcoLiqw==

Sat 23 Sep 2017 16:16:16, operations.getNewsSummariesForUser, 27 ms, event_name : news_list_request, user_id : yy@qq.com, user_ip : ::1
Sat 23 Sep 2017 16:16:16, , event_name : news_request, user_id : yy@qq.com, user_ip : ::1, news_id : tzwmb5auFzVz7pMpNZLAqQ==

Sat 23 Sep 2017 16:16:23, operations.getNewsSummariesForUser, 18 ms, event_name : news_list_request, user_id : yy@qq.com, user_ip : ::1
Sat 23 Sep 2017 16:16:39, , event_name : news_request, user_id : yy@qq.com, user_ip : ::1, news_id : D7P9U8nzaVplV5tSaPedLg==

Sat 23 Sep 2017 16:17:09, , event_name : news_request, user_id : yy@qq.com, user_ip : ::1, news_id : YPU15+e75eZ2DAx0iO8LqQ==

Sat 23 Sep 2017 16:17:28, operations.getNewsSummariesForUser, 28 ms, event_name : news_list_request, user_id : yy@qq.com, user_ip : ::1
Sat 23 Sep 2017 16:17:29, , event_name : news_request, user_id : yy@qq.com, user_ip : ::1, news_id : Elp5kFUDJfhyxqF+fjxTsA==

Sat 23 Sep 2017 16:17:35, operations.getNewsSummariesForUser, 18 ms, event_name : news_list_request, user_id : yy@qq.com, user_ip : ::1
Sat 23 Sep 2017 16:17:38, , event_name : news_request, user_id : yy@qq.com, user_ip : ::1, news_id : aYT5kSERyVaAociiej4PrA==

Sat 23 Sep 2017 16:17:47, , event_name : news_request, user_id : yy@qq.com, user_ip : ::1, news_id : 4dRBjCY++JxcJurd5ESFkg==

Sat 23 Sep 2017 16:17:57, operations.getNewsSummariesForUser, 17 ms, event_name : news_list_request, user_id : yy@qq.com, user_ip : ::1
Sat 23 Sep 2017 16:19:38, , event_name : news_request, user_id : yy@qq.com, user_ip : ::1, news_id : aYT5kSERyVaAociiej4PrA==

Sat 23 Sep 2017 16:21:38, , event_name : news_request, user_id : yy@qq.com, user_ip : ::1, news_id : aYT5kSERyVaAociiej4PrA==

Sat 23 Sep 2017 22:38:26, JsonRpcError(-32603): 'class' -- Traceback (most recent call last):
  File "/home/yuyu/.local/lib/python2.7/site-packages/pyjsonrpc/rpclib.py", line 114, in call
    result = rpc_function(*positional_params, **named_params)
  File "service.py", line 23, in getNewsSummariesForUser
    response = operations.getNewsSummariesForUser(user_id, page_num, user_ip)
  File "/home/yuyu/bittigercs503-1703-llliuyu/week11/backend_server/operations.py", line 76, in getNewsSummariesForUser
    print 'redis_client.get(user_id) is None'
  File "/home/yuyu/bittigercs503-1703-llliuyu/week11/backend_server/operations.py", line 76, in <lambda>
    print 'redis_client.get(user_id) is None'
KeyError: 'class'

Sat 23 Sep 2017 22:38:34, JsonRpcError(-32603): 'class' -- Traceback (most recent call last):
  File "/home/yuyu/.local/lib/python2.7/site-packages/pyjsonrpc/rpclib.py", line 114, in call
    result = rpc_function(*positional_params, **named_params)
  File "service.py", line 23, in getNewsSummariesForUser
    response = operations.getNewsSummariesForUser(user_id, page_num, user_ip)
  File "/home/yuyu/bittigercs503-1703-llliuyu/week11/backend_server/operations.py", line 76, in getNewsSummariesForUser
    print 'redis_client.get(user_id) is None'
  File "/home/yuyu/bittigercs503-1703-llliuyu/week11/backend_server/operations.py", line 76, in <lambda>
    print 'redis_client.get(user_id) is None'
KeyError: 'class'

Sat 23 Sep 2017 22:38:38, JsonRpcError(-32603): 'class' -- Traceback (most recent call last):
  File "/home/yuyu/.local/lib/python2.7/site-packages/pyjsonrpc/rpclib.py", line 114, in call
    result = rpc_function(*positional_params, **named_params)
  File "service.py", line 23, in getNewsSummariesForUser
    response = operations.getNewsSummariesForUser(user_id, page_num, user_ip)
  File "/home/yuyu/bittigercs503-1703-llliuyu/week11/backend_server/operations.py", line 76, in getNewsSummariesForUser
    print 'redis_client.get(user_id) is None'
  File "/home/yuyu/bittigercs503-1703-llliuyu/week11/backend_server/operations.py", line 76, in <lambda>
    print 'redis_client.get(user_id) is None'
KeyError: 'class'

Sat 23 Sep 2017 22:38:41, JsonRpcError(-32603): 'class' -- Traceback (most recent call last):
  File "/home/yuyu/.local/lib/python2.7/site-packages/pyjsonrpc/rpclib.py", line 114, in call
    result = rpc_function(*positional_params, **named_params)
  File "service.py", line 23, in getNewsSummariesForUser
    response = operations.getNewsSummariesForUser(user_id, page_num, user_ip)
  File "/home/yuyu/bittigercs503-1703-llliuyu/week11/backend_server/operations.py", line 76, in getNewsSummariesForUser
    print 'redis_client.get(user_id) is None'
  File "/home/yuyu/bittigercs503-1703-llliuyu/week11/backend_server/operations.py", line 76, in <lambda>
    print 'redis_client.get(user_id) is None'
KeyError: 'class'

Sat 23 Sep 2017 22:43:37, operations.getNewsSummariesForUser, 34 ms, event_name : news_list_request, user_id : yy@qq.com, user_ip : ::1
Sat 23 Sep 2017 22:43:40, operations.getNewsSummariesForUser, 16 ms, event_name : news_list_request, user_id : yy@qq.com, user_ip : ::1
Sat 23 Sep 2017 22:43:44, operations.getNewsSummariesForUser, 15 ms, event_name : news_list_request, user_id : yy@qq.com, user_ip : ::1
Sat 23 Sep 2017 22:43:47, operations.getNewsSummariesForUser, 13 ms, event_name : news_list_request, user_id : yy@qq.com, user_ip : ::1
Sat 23 Sep 2017 22:47:46, operations.getNewsSummariesForUser, 28 ms, event_name : news_list_request, user_id : yy@qq.com, user_ip : ::1
Sat 23 Sep 2017 22:54:44, operations.getNewsSummariesForUser, 30 ms, event_name : news_list_request, user_id : yy@qq.com, user_ip : ::1
Sat 23 Sep 2017 22:54:53, operations.getNewsSummariesForUser, 12 ms, event_name : news_list_request, user_id : yy@qq.com, user_ip : ::1
Sat 23 Sep 2017 22:55:07, operations.getNewsSummariesForUser, 17 ms, event_name : news_list_request, user_id : yy@qq.com, user_ip : ::1
Sat 23 Sep 2017 22:55:19, operations.getNewsSummariesForUser, 17 ms, event_name : news_list_request, user_id : yy@qq.com, user_ip : ::1
Sat 23 Sep 2017 22:55:34, operations.getNewsSummariesForUser, 17 ms, event_name : news_list_request, user_id : yy@qq.com, user_ip : ::1
Sat 23 Sep 2017 22:55:49, operations.getNewsSummariesForUser, 28 ms, event_name : news_list_request, user_id : yy@qq.com, user_ip : ::1
Sat 23 Sep 2017 22:55:51, operations.getNewsSummariesForUser, 13 ms, event_name : news_list_request, user_id : yy@qq.com, user_ip : ::1
Sat 23 Sep 2017 22:57:06, operations.getNewsSummariesForUser, 27 ms, event_name : news_list_request, user_id : yy@qq.com, user_ip : ::1
Sat 23 Sep 2017 23:00:41, operations.getNewsSummariesForUser, 24 ms, event_name : news_list_request, user_id : yy@qq.com, user_ip : ::1
Sat 23 Sep 2017 23:00:46, operations.getNewsSummariesForUser, 14 ms, event_name : news_list_request, user_id : yy@qq.com, user_ip : ::1
Sat 23 Sep 2017 23:00:51, operations.getNewsSummariesForUser, 14 ms, event_name : news_list_request, user_id : yy@qq.com, user_ip : ::1
Sat 23 Sep 2017 23:00:54, operations.getNewsSummariesForUser, 16 ms, event_name : news_list_request, user_id : yy@qq.com, user_ip : ::1
Sat 23 Sep 2017 23:00:57, operations.getNewsSummariesForUser, 17 ms, event_name : news_list_request, user_id : yy@qq.com, user_ip : ::1
Sat 23 Sep 2017 23:01:00, operations.getNewsSummariesForUser, 16 ms, event_name : news_list_request, user_id : yy@qq.com, user_ip : ::1
Sat 23 Sep 2017 23:01:03, operations.getNewsSummariesForUser, 14 ms, event_name : news_list_request, user_id : yy@qq.com, user_ip : ::1
Sat 23 Sep 2017 23:01:06, operations.getNewsSummariesForUser, 16 ms, event_name : news_list_request, user_id : yy@qq.com, user_ip : ::1
Sat 23 Sep 2017 23:01:08, operations.getNewsSummariesForUser, 15 ms, event_name : news_list_request, user_id : yy@qq.com, user_ip : ::1
Sat 23 Sep 2017 23:01:11, operations.getNewsSummariesForUser, 15 ms, event_name : news_list_request, user_id : yy@qq.com, user_ip : ::1
Sat 23 Sep 2017 23:01:14, operations.getNewsSummariesForUser, 13 ms, event_name : news_list_request, user_id : yy@qq.com, user_ip : ::1
Sat 23 Sep 2017 23:03:45, operations.getNewsSummariesForUser, 25 ms, event_name : news_list_request, user_id : yy@qq.com, user_ip : ::1
Sat 23 Sep 2017 23:03:47, operations.getNewsSummariesForUser, 12 ms, event_name : news_list_request, user_id : yy@qq.com, user_ip : ::1
Sat 23 Sep 2017 23:03:50, operations.getNewsSummariesForUser, 14 ms, event_name : news_list_request, user_id : yy@qq.com, user_ip : ::1
Sat 23 Sep 2017 23:06:59, operations.getNewsSummariesForUser, 29 ms, event_name : news_list_request, user_id : yy@qq.com, user_ip : ::1
Sat 23 Sep 2017 23:07:04, operations.getNewsSummariesForUser, 6 ms, event_name : news_list_request, user_id : yy@qq.com, user_ip : ::1
Sat 23 Sep 2017 23:07:08, operations.getNewsSummariesForUser, 8 ms, event_name : news_list_request, user_id : yy@qq.com, user_ip : ::1
Sat 23 Sep 2017 23:14:58, operations.getNewsSummariesForUser, 24 ms, event_name : news_list_request, user_id : yy@qq.com, user_ip : ::1
Sat 23 Sep 2017 23:34:28, operations.getNewsSummariesForUser, 24 ms, event_name : news_list_request, user_id : yy@qq.com, user_ip : ::1
