Sun 17 Sep 2017 15:25:22, 192.168.0.1 fbloggs  Protocol problem: connection reset
Sun 17 Sep 2017 15:25:37, 192.168.0.1 fbloggs  Protocol problem: connection reset
Sun 17 Sep 2017 15:25:41, 192.168.0.1 fbloggs  Protocol problem: connection reset
Sun 17 Sep 2017 15:25:44, 192.168.0.1 fbloggs  Protocol problem: connection reset
Sun 17 Sep 2017 15:25:46, 192.168.0.1 fbloggs  Protocol problem: connection reset
Sun 17 Sep 2017 15:25:48, 192.168.0.1 fbloggs  Protocol problem: connection reset
Sun 17 Sep 2017 16:33:44, 192.168.0.1 fbloggs  Protocol problem: connection reset
Sun 17 Sep 2017 16:33:47, 192.168.0.1 fbloggs  Protocol problem: connection reset
Sun 17 Sep 2017 16:33:48, 192.168.0.1 fbloggs  Protocol problem: connection reset
Sun 17 Sep 2017 16:33:55, 192.168.0.1 fbloggs  Protocol problem: connection reset
Sun 17 Sep 2017 16:33:57, 192.168.0.1 fbloggs  Protocol problem: connection reset
Sun 17 Sep 2017 16:34:05, 192.168.0.1 fbloggs  Protocol problem: connection reset
Sun 17 Sep 2017 16:34:07, 192.168.0.1 fbloggs  Protocol problem: connection reset
Sun 17 Sep 2017 16:34:09, 192.168.0.1 fbloggs  Protocol problem: connection reset
Sun 17 Sep 2017 16:35:28, 192.168.0.1 fbloggs  Protocol problem: connection reset
Sun 17 Sep 2017 16:35:50, 192.168.0.1 fbloggs  Protocol problem: connection reset
Sun 17 Sep 2017 16:36:24, 192.168.0.1 fbloggs  Protocol problem: connection reset
Sun 17 Sep 2017 16:36:27, 192.168.0.1 fbloggs  Protocol problem: connection reset
Sun 17 Sep 2017 16:36:29, 192.168.0.1 fbloggs  Protocol problem: connection reset
Sun 17 Sep 2017 16:36:31, 192.168.0.1 fbloggs  Protocol problem: connection reset
Sun 17 Sep 2017 16:36:34, 192.168.0.1 fbloggs  Protocol problem: connection reset
Sun 17 Sep 2017 16:36:36, 192.168.0.1 fbloggs  Protocol problem: connection reset
Sun 17 Sep 2017 16:36:38, 192.168.0.1 fbloggs  Protocol problem: connection reset
Sun 17 Sep 2017 16:36:39, 192.168.0.1 fbloggs  Protocol problem: connection reset
Sun 17 Sep 2017 16:36:42, 192.168.0.1 fbloggs  Protocol problem: connection reset
Sun 17 Sep 2017 16:36:42, 192.168.0.1 fbloggs  Protocol problem: connection reset
Sun 17 Sep 2017 16:36:44, 192.168.0.1 fbloggs  Protocol problem: connection reset
Sun 17 Sep 2017 16:36:45, 192.168.0.1 fbloggs  Protocol problem: connection reset
Sun 17 Sep 2017 16:36:45, 192.168.0.1 fbloggs  Protocol problem: connection reset
Sun 17 Sep 2017 16:36:46, 192.168.0.1 fbloggs  Protocol problem: connection reset
Sun 17 Sep 2017 16:36:46, 192.168.0.1 fbloggs  Protocol problem: connection reset
Sun 17 Sep 2017 16:36:47, 192.168.0.1 fbloggs  Protocol problem: connection reset
Sun 17 Sep 2017 16:36:47, 192.168.0.1 fbloggs  Protocol problem: connection reset
Sun 17 Sep 2017 16:36:49, 192.168.0.1 fbloggs  Protocol problem: connection reset
Sun 17 Sep 2017 16:38:34, 192.168.0.1 fbloggs  Protocol problem: connection reset
Sun 17 Sep 2017 16:38:36, 192.168.0.1 fbloggs  Protocol problem: connection reset
Sun 17 Sep 2017 16:38:37, 192.168.0.1 fbloggs  Protocol problem: connection reset
Sun 17 Sep 2017 16:38:39, 192.168.0.1 fbloggs  Protocol problem: connection reset
Sun 17 Sep 2017 16:38:42, 192.168.0.1 fbloggs  Protocol problem: connection reset
Sun 17 Sep 2017 16:38:45, 192.168.0.1 fbloggs  Protocol problem: connection reset
Sun 17 Sep 2017 16:38:47, 192.168.0.1 fbloggs  Protocol problem: connection reset
Sun 17 Sep 2017 16:38:49, 192.168.0.1 fbloggs  Protocol problem: connection reset
Sun 17 Sep 2017 16:38:52, 192.168.0.1 fbloggs  Protocol problem: connection reset
Sun 17 Sep 2017 16:38:54, 192.168.0.1 fbloggs  Protocol problem: connection reset
Sun 17 Sep 2017 16:38:57, 192.168.0.1 fbloggs  Protocol problem: connection reset
Sun 17 Sep 2017 16:38:59, 192.168.0.1 fbloggs  Protocol problem: connection reset
Sun 17 Sep 2017 16:40:31, 192.168.0.1 fbloggs  Protocol problem: connection reset
Sun 17 Sep 2017 16:40:34, 192.168.0.1 fbloggs  Protocol problem: connection reset
Sun 17 Sep 2017 16:40:37, 192.168.0.1 fbloggs  Protocol problem: connection reset
Sun 17 Sep 2017 16:40:40, 192.168.0.1 fbloggs  Protocol problem: connection reset
Sun 17 Sep 2017 16:40:44, 192.168.0.1 fbloggs  Protocol problem: connection reset
Sun 17 Sep 2017 16:40:48, 192.168.0.1 fbloggs  Protocol problem: connection reset
Sun 17 Sep 2017 16:40:51, 192.168.0.1 fbloggs  Protocol problem: connection reset
Sun 17 Sep 2017 16:40:53, 192.168.0.1 fbloggs  Protocol problem: connection reset
Sun 17 Sep 2017 19:52:55, 192.168.0.1 fbloggs  Protocol problem: connection reset
Sun 17 Sep 2017 19:53:06, 192.168.0.1 fbloggs  Protocol problem: connection reset
Sun 17 Sep 2017 19:53:10, 192.168.0.1 fbloggs  Protocol problem: connection reset
Sun 17 Sep 2017 19:53:12, 192.168.0.1 fbloggs  Protocol problem: connection reset
Sun 17 Sep 2017 19:53:15, 192.168.0.1 fbloggs  Protocol problem: connection reset
Sun 17 Sep 2017 19:53:17, 192.168.0.1 fbloggs  Protocol problem: connection reset
Sun 17 Sep 2017 19:53:20, 192.168.0.1 fbloggs  Protocol problem: connection reset
Sun 17 Sep 2017 19:53:22, 192.168.0.1 fbloggs  Protocol problem: connection reset
Sun 17 Sep 2017 19:56:14, operations.getNewsSummariesForUser, 53 ms, event_name : news_list_request, user_id : gg@qq.com, user_ip : ::1
Sun 17 Sep 2017 19:56:32, operations.getNewsSummariesForUser, 14 ms, event_name : news_list_request, user_id : gg@qq.com, user_ip : ::1
Sun 17 Sep 2017 19:56:37, operations.getNewsSummariesForUser, 17 ms, event_name : news_list_request, user_id : gg@qq.com, user_ip : ::1
Sun 17 Sep 2017 19:56:39, operations.getNewsSummariesForUser, 22 ms, event_name : news_list_request, user_id : gg@qq.com, user_ip : ::1
Sun 17 Sep 2017 19:56:42, operations.getNewsSummariesForUser, 16 ms, event_name : news_list_request, user_id : gg@qq.com, user_ip : ::1
Sun 17 Sep 2017 19:56:44, operations.getNewsSummariesForUser, 17 ms, event_name : news_list_request, user_id : gg@qq.com, user_ip : ::1
Sun 17 Sep 2017 19:56:47, operations.getNewsSummariesForUser, 18 ms, event_name : news_list_request, user_id : gg@qq.com, user_ip : ::1
Sun 17 Sep 2017 19:57:24, operations.getNewsSummariesForUser, 40 ms, event_name : news_list_request, user_id : gg@qq.com, user_ip : ::1
Sun 17 Sep 2017 19:57:26, operations.getNewsSummariesForUser, 15 ms, event_name : news_list_request, user_id : gg@qq.com, user_ip : ::1
Sun 17 Sep 2017 19:57:30, operations.getNewsSummariesForUser, 11 ms, event_name : news_list_request, user_id : gg@qq.com, user_ip : ::1
Sun 17 Sep 2017 19:58:30, operations.getNewsSummariesForUser, 33 ms, event_name : news_list_request, user_id : gg@qq.com, user_ip : ::1
Sun 17 Sep 2017 19:58:36, operations.getNewsSummariesForUser, 16 ms, event_name : news_list_request, user_id : gg@qq.com, user_ip : ::1
Sun 17 Sep 2017 19:58:39, operations.getNewsSummariesForUser, 15 ms, event_name : news_list_request, user_id : gg@qq.com, user_ip : ::1
Sun 17 Sep 2017 19:58:41, operations.getNewsSummariesForUser, 14 ms, event_name : news_list_request, user_id : gg@qq.com, user_ip : ::1
Sun 17 Sep 2017 19:58:44, operations.getNewsSummariesForUser, 15 ms, event_name : news_list_request, user_id : gg@qq.com, user_ip : ::1
Sun 17 Sep 2017 20:03:07, operations.getNewsSummariesForUser, 44 ms, event_name : news_list_request, user_id : gg@qq.com, user_ip : ::1
Sun 17 Sep 2017 20:03:12, operations.getNewsSummariesForUser, 15 ms, event_name : news_list_request, user_id : gg@qq.com, user_ip : ::1
Sun 17 Sep 2017 20:03:15, operations.getNewsSummariesForUser, 9 ms, event_name : news_list_request, user_id : gg@qq.com, user_ip : ::1
Sun 17 Sep 2017 20:03:18, operations.getNewsSummariesForUser, 17 ms, event_name : news_list_request, user_id : gg@qq.com, user_ip : ::1
Sun 17 Sep 2017 20:04:35, operations.getNewsSummariesForUser, 35 ms, event_name : news_list_request, user_id : gg@qq.com, user_ip : ::1
Sun 17 Sep 2017 20:06:16, operations.getNewsSummariesForUser, 42 ms, event_name : news_list_request, user_id : gg@qq.com, user_ip : ::1
Sun 17 Sep 2017 20:06:19, operations.getNewsSummariesForUser, 11 ms, event_name : news_list_request, user_id : gg@qq.com, user_ip : ::1
Sun 17 Sep 2017 20:06:21, operations.getNewsSummariesForUser, 12 ms, event_name : news_list_request, user_id : gg@qq.com, user_ip : ::1
Sun 17 Sep 2017 20:08:53, operations.getNewsSummariesForUser, 42 ms, event_name : news_list_request, user_id : gg@qq.com, user_ip : ::1
Sun 17 Sep 2017 20:08:58, operations.getNewsSummariesForUser, 13 ms, event_name : news_list_request, user_id : gg@qq.com, user_ip : ::1
Sun 17 Sep 2017 20:09:04, operations.getNewsSummariesForUser, 14 ms, event_name : news_list_request, user_id : gg@qq.com, user_ip : ::1
Sun 17 Sep 2017 20:09:10, operations.getNewsSummariesForUser, 17 ms, event_name : news_list_request, user_id : gg@qq.com, user_ip : ::1
Sun 17 Sep 2017 20:09:13, operations.getNewsSummariesForUser, 16 ms, event_name : news_list_request, user_id : gg@qq.com, user_ip : ::1
Sun 17 Sep 2017 20:09:15, operations.getNewsSummariesForUser, 15 ms, event_name : news_list_request, user_id : gg@qq.com, user_ip : ::1
Sun 17 Sep 2017 20:09:17, operations.getNewsSummariesForUser, 15 ms, event_name : news_list_request, user_id : gg@qq.com, user_ip : ::1
Sun 17 Sep 2017 20:09:51, operations.getNewsSummariesForUser, 15 ms, event_name : news_list_request, user_id : gg@qq.com, user_ip : ::1
Sun 17 Sep 2017 20:09:53, operations.getNewsSummariesForUser, 40 ms, event_name : news_list_request, user_id : gg@qq.com, user_ip : ::1
Sun 17 Sep 2017 20:09:56, operations.getNewsSummariesForUser, 18 ms, event_name : news_list_request, user_id : gg@qq.com, user_ip : ::1
Sun 17 Sep 2017 20:09:58, operations.getNewsSummariesForUser, 14 ms, event_name : news_list_request, user_id : gg@qq.com, user_ip : ::1
Sun 17 Sep 2017 20:13:04, Read empty data, calling disconnect
Sun 17 Sep 2017 20:13:04, Socket closed when connection was open
Sun 17 Sep 2017 20:13:04, Disconnected from RabbitMQ at donkey.rmq.cloudamqp.com:5672 (0): Not specified
Sun 17 Sep 2017 20:13:04, Connection close detected
Sun 17 Sep 2017 20:13:04, JsonRpcError(-32603): Internal JSON-RPC error. -- Traceback (most recent call last):
  File "/home/yuyu/.local/lib/python2.7/site-packages/pyjsonrpc/rpclib.py", line 114, in call
    result = rpc_function(*positional_params, **named_params)
  File "service.py", line 44, in logNewsClickForUser
    return operations.logNewsClickForUser(user_id, news_id, user_ip)
  File "/home/yuyu/bittigercs503-1703-llliuyu/week10/backend_server/operations.py", line 92, in logNewsClickForUser
    cloudAMQP_client.sendMessage(message)
  File "/home/yuyu/bittigercs503-1703-llliuyu/week10/backend_server/../common/cloudAMQP_client.py", line 24, in sendMessage
    queue = self.channel.queue_declare(self.queue_name)
  File "/home/yuyu/.local/lib/python2.7/site-packages/pika/adapters/blocking_connection.py", line 2329, in queue_declare
    self._flush_output(declare_ok_result.is_ready)
  File "/home/yuyu/.local/lib/python2.7/site-packages/pika/adapters/blocking_connection.py", line 1174, in _flush_output
    *waiters)
  File "/home/yuyu/.local/lib/python2.7/site-packages/pika/adapters/blocking_connection.py", line 426, in _flush_output
    raise exceptions.ConnectionClosed()
ConnectionClosed

Sun 17 Sep 2017 20:13:32, operations.getNewsSummariesForUser, 45 ms, event_name : news_list_request, user_id : gg@qq.com, user_ip : ::1
Sun 17 Sep 2017 20:13:37, operations.getNewsSummariesForUser, 15 ms, event_name : news_list_request, user_id : gg@qq.com, user_ip : ::1
Sun 17 Sep 2017 20:13:37, JsonRpcError(-32603): 'NoneType' object has no attribute 'send' -- Traceback (most recent call last):
  File "/home/yuyu/.local/lib/python2.7/site-packages/pyjsonrpc/rpclib.py", line 114, in call
    result = rpc_function(*positional_params, **named_params)
  File "service.py", line 44, in logNewsClickForUser
    return operations.logNewsClickForUser(user_id, news_id, user_ip)
  File "/home/yuyu/bittigercs503-1703-llliuyu/week10/backend_server/operations.py", line 92, in logNewsClickForUser
    cloudAMQP_client.sendMessage(message)
  File "/home/yuyu/bittigercs503-1703-llliuyu/week10/backend_server/../common/cloudAMQP_client.py", line 22, in sendMessage
    body=json.dumps(message))
  File "/home/yuyu/.local/lib/python2.7/site-packages/pika/adapters/blocking_connection.py", line 1978, in basic_publish
    mandatory, immediate)
  File "/home/yuyu/.local/lib/python2.7/site-packages/pika/adapters/blocking_connection.py", line 2064, in publish
    immediate=immediate)
  File "/home/yuyu/.local/lib/python2.7/site-packages/pika/channel.py", line 338, in basic_publish
    (properties, body))
  File "/home/yuyu/.local/lib/python2.7/site-packages/pika/channel.py", line 1150, in _send_method
    self.connection._send_method(self.channel_number, method_frame, content)
  File "/home/yuyu/.local/lib/python2.7/site-packages/pika/connection.py", line 1571, in _send_method
    self._send_message(channel_number, method_frame, content)
  File "/home/yuyu/.local/lib/python2.7/site-packages/pika/connection.py", line 1601, in _send_message
    self._flush_outbound()
  File "/home/yuyu/.local/lib/python2.7/site-packages/pika/adapters/base_connection.py", line 282, in _flush_outbound
    self._handle_write()
  File "/home/yuyu/.local/lib/python2.7/site-packages/pika/adapters/base_connection.py", line 427, in _handle_write
    bw = self.socket.send(frame)
AttributeError: 'NoneType' object has no attribute 'send'

Sun 17 Sep 2017 20:13:41, operations.getNewsSummariesForUser, 18 ms, event_name : news_list_request, user_id : gg@qq.com, user_ip : ::1
Sun 17 Sep 2017 20:13:44, operations.getNewsSummariesForUser, 15 ms, event_name : news_list_request, user_id : gg@qq.com, user_ip : ::1
Sun 17 Sep 2017 20:13:47, operations.getNewsSummariesForUser, 14 ms, event_name : news_list_request, user_id : gg@qq.com, user_ip : ::1
Sun 17 Sep 2017 20:14:17, operations.getNewsSummariesForUser, 7 ms, event_name : news_list_request, user_id : gg@qq.com, user_ip : ::1
Sun 17 Sep 2017 20:14:19, JsonRpcError(-32603): 'NoneType' object has no attribute 'send' -- Traceback (most recent call last):
  File "/home/yuyu/.local/lib/python2.7/site-packages/pyjsonrpc/rpclib.py", line 114, in call
    result = rpc_function(*positional_params, **named_params)
  File "service.py", line 44, in logNewsClickForUser
    return operations.logNewsClickForUser(user_id, news_id, user_ip)
  File "/home/yuyu/bittigercs503-1703-llliuyu/week10/backend_server/operations.py", line 92, in logNewsClickForUser
    cloudAMQP_client.sendMessage(message)
  File "/home/yuyu/bittigercs503-1703-llliuyu/week10/backend_server/../common/cloudAMQP_client.py", line 22, in sendMessage
    body=json.dumps(message))
  File "/home/yuyu/.local/lib/python2.7/site-packages/pika/adapters/blocking_connection.py", line 1978, in basic_publish
    mandatory, immediate)
  File "/home/yuyu/.local/lib/python2.7/site-packages/pika/adapters/blocking_connection.py", line 2064, in publish
    immediate=immediate)
  File "/home/yuyu/.local/lib/python2.7/site-packages/pika/channel.py", line 338, in basic_publish
    (properties, body))
  File "/home/yuyu/.local/lib/python2.7/site-packages/pika/channel.py", line 1150, in _send_method
    self.connection._send_method(self.channel_number, method_frame, content)
  File "/home/yuyu/.local/lib/python2.7/site-packages/pika/connection.py", line 1571, in _send_method
    self._send_message(channel_number, method_frame, content)
  File "/home/yuyu/.local/lib/python2.7/site-packages/pika/connection.py", line 1601, in _send_message
    self._flush_outbound()
  File "/home/yuyu/.local/lib/python2.7/site-packages/pika/adapters/base_connection.py", line 282, in _flush_outbound
    self._handle_write()
  File "/home/yuyu/.local/lib/python2.7/site-packages/pika/adapters/base_connection.py", line 427, in _handle_write
    bw = self.socket.send(frame)
AttributeError: 'NoneType' object has no attribute 'send'

Sun 17 Sep 2017 20:14:25, operations.getNewsSummariesForUser, 15 ms, event_name : news_list_request, user_id : gg@qq.com, user_ip : ::1
Sun 17 Sep 2017 20:14:28, operations.getNewsSummariesForUser, 19 ms, event_name : news_list_request, user_id : gg@qq.com, user_ip : ::1
Sun 17 Sep 2017 20:14:32, operations.getNewsSummariesForUser, 19 ms, event_name : news_list_request, user_id : gg@qq.com, user_ip : ::1
Sun 17 Sep 2017 20:14:35, operations.getNewsSummariesForUser, 39 ms, event_name : news_list_request, user_id : gg@qq.com, user_ip : ::1
Sun 17 Sep 2017 20:16:19, JsonRpcError(-32603): 'NoneType' object has no attribute 'send' -- Traceback (most recent call last):
  File "/home/yuyu/.local/lib/python2.7/site-packages/pyjsonrpc/rpclib.py", line 114, in call
    result = rpc_function(*positional_params, **named_params)
  File "service.py", line 44, in logNewsClickForUser
    return operations.logNewsClickForUser(user_id, news_id, user_ip)
  File "/home/yuyu/bittigercs503-1703-llliuyu/week10/backend_server/operations.py", line 92, in logNewsClickForUser
    cloudAMQP_client.sendMessage(message)
  File "/home/yuyu/bittigercs503-1703-llliuyu/week10/backend_server/../common/cloudAMQP_client.py", line 22, in sendMessage
    body=json.dumps(message))
  File "/home/yuyu/.local/lib/python2.7/site-packages/pika/adapters/blocking_connection.py", line 1978, in basic_publish
    mandatory, immediate)
  File "/home/yuyu/.local/lib/python2.7/site-packages/pika/adapters/blocking_connection.py", line 2064, in publish
    immediate=immediate)
  File "/home/yuyu/.local/lib/python2.7/site-packages/pika/channel.py", line 338, in basic_publish
    (properties, body))
  File "/home/yuyu/.local/lib/python2.7/site-packages/pika/channel.py", line 1150, in _send_method
    self.connection._send_method(self.channel_number, method_frame, content)
  File "/home/yuyu/.local/lib/python2.7/site-packages/pika/connection.py", line 1571, in _send_method
    self._send_message(channel_number, method_frame, content)
  File "/home/yuyu/.local/lib/python2.7/site-packages/pika/connection.py", line 1601, in _send_message
    self._flush_outbound()
  File "/home/yuyu/.local/lib/python2.7/site-packages/pika/adapters/base_connection.py", line 282, in _flush_outbound
    self._handle_write()
  File "/home/yuyu/.local/lib/python2.7/site-packages/pika/adapters/base_connection.py", line 427, in _handle_write
    bw = self.socket.send(frame)
AttributeError: 'NoneType' object has no attribute 'send'

Sun 17 Sep 2017 20:18:19, JsonRpcError(-32603): 'NoneType' object has no attribute 'send' -- Traceback (most recent call last):
  File "/home/yuyu/.local/lib/python2.7/site-packages/pyjsonrpc/rpclib.py", line 114, in call
    result = rpc_function(*positional_params, **named_params)
  File "service.py", line 44, in logNewsClickForUser
    return operations.logNewsClickForUser(user_id, news_id, user_ip)
  File "/home/yuyu/bittigercs503-1703-llliuyu/week10/backend_server/operations.py", line 92, in logNewsClickForUser
    cloudAMQP_client.sendMessage(message)
  File "/home/yuyu/bittigercs503-1703-llliuyu/week10/backend_server/../common/cloudAMQP_client.py", line 22, in sendMessage
    body=json.dumps(message))
  File "/home/yuyu/.local/lib/python2.7/site-packages/pika/adapters/blocking_connection.py", line 1978, in basic_publish
    mandatory, immediate)
  File "/home/yuyu/.local/lib/python2.7/site-packages/pika/adapters/blocking_connection.py", line 2064, in publish
    immediate=immediate)
  File "/home/yuyu/.local/lib/python2.7/site-packages/pika/channel.py", line 338, in basic_publish
    (properties, body))
  File "/home/yuyu/.local/lib/python2.7/site-packages/pika/channel.py", line 1150, in _send_method
    self.connection._send_method(self.channel_number, method_frame, content)
  File "/home/yuyu/.local/lib/python2.7/site-packages/pika/connection.py", line 1571, in _send_method
    self._send_message(channel_number, method_frame, content)
  File "/home/yuyu/.local/lib/python2.7/site-packages/pika/connection.py", line 1601, in _send_message
    self._flush_outbound()
  File "/home/yuyu/.local/lib/python2.7/site-packages/pika/adapters/base_connection.py", line 282, in _flush_outbound
    self._handle_write()
  File "/home/yuyu/.local/lib/python2.7/site-packages/pika/adapters/base_connection.py", line 427, in _handle_write
    bw = self.socket.send(frame)
AttributeError: 'NoneType' object has no attribute 'send'

Sun 17 Sep 2017 22:18:45, operations.getNewsSummariesForUser, 47 ms, event_name : news_list_request, user_id : gg@qq.com, user_ip : ::1
Sun 17 Sep 2017 22:18:50, operations.getNewsSummariesForUser, 15 ms, event_name : news_list_request, user_id : gg@qq.com, user_ip : ::1
Sun 17 Sep 2017 22:29:56, operations.getNewsSummariesForUser, 41 ms, event_name : news_list_request, user_id : gg@qq.com, user_ip : ::1
Sun 17 Sep 2017 22:30:00, operations.getNewsSummariesForUser, 16 ms, event_name : news_list_request, user_id : gg@qq.com, user_ip : ::1
Sun 17 Sep 2017 22:30:09, operations.getNewsSummariesForUser, 15 ms, event_name : news_list_request, user_id : gg@qq.com, user_ip : ::1
Sun 17 Sep 2017 22:30:11, operations.getNewsSummariesForUser, 14 ms, event_name : news_list_request, user_id : gg@qq.com, user_ip : ::1
Sun 17 Sep 2017 22:30:14, operations.getNewsSummariesForUser, 10 ms, event_name : news_list_request, user_id : gg@qq.com, user_ip : ::1
Sun 17 Sep 2017 22:30:16, operations.getNewsSummariesForUser, 16 ms, event_name : news_list_request, user_id : gg@qq.com, user_ip : ::1
Sun 17 Sep 2017 22:31:05, operations.getNewsSummariesForUser, 39 ms, event_name : news_list_request, user_id : gg@qq.com, user_ip : ::1
Sun 17 Sep 2017 22:31:08, operations.getNewsSummariesForUser, 16 ms, event_name : news_list_request, user_id : gg@qq.com, user_ip : ::1
Sun 17 Sep 2017 22:31:10, operations.getNewsSummariesForUser, 15 ms, event_name : news_list_request, user_id : gg@qq.com, user_ip : ::1
Sun 17 Sep 2017 22:31:14, operations.getNewsSummariesForUser, 15 ms, event_name : news_list_request, user_id : gg@qq.com, user_ip : ::1
Sun 17 Sep 2017 22:31:18, operations.getNewsSummariesForUser, 15 ms, event_name : news_list_request, user_id : gg@qq.com, user_ip : ::1
Sun 17 Sep 2017 22:31:21, operations.getNewsSummariesForUser, 15 ms, event_name : news_list_request, user_id : gg@qq.com, user_ip : ::1
Sun 17 Sep 2017 22:31:30, operations.getNewsSummariesForUser, 14 ms, event_name : news_list_request, user_id : gg@qq.com, user_ip : ::1
Sun 17 Sep 2017 22:31:33, operations.getNewsSummariesForUser, 17 ms, event_name : news_list_request, user_id : gg@qq.com, user_ip : ::1
Sun 17 Sep 2017 22:31:36, operations.getNewsSummariesForUser, 15 ms, event_name : news_list_request, user_id : gg@qq.com, user_ip : ::1
Sun 17 Sep 2017 22:31:38, operations.getNewsSummariesForUser, 16 ms, event_name : news_list_request, user_id : gg@qq.com, user_ip : ::1
Sun 17 Sep 2017 22:31:40, operations.getNewsSummariesForUser, 16 ms, event_name : news_list_request, user_id : gg@qq.com, user_ip : ::1
Sun 17 Sep 2017 22:32:17, operations.getNewsSummariesForUser, 42 ms, event_name : news_list_request, user_id : gg@qq.com, user_ip : ::1
Sun 17 Sep 2017 22:32:19, operations.getNewsSummariesForUser, 16 ms, event_name : news_list_request, user_id : gg@qq.com, user_ip : ::1
Sun 17 Sep 2017 22:32:22, operations.getNewsSummariesForUser, 15 ms, event_name : news_list_request, user_id : gg@qq.com, user_ip : ::1
Sun 17 Sep 2017 22:32:24, operations.getNewsSummariesForUser, 12 ms, event_name : news_list_request, user_id : gg@qq.com, user_ip : ::1
Sun 17 Sep 2017 22:33:27, operations.getNewsSummariesForUser, 40 ms, event_name : news_list_request, user_id : gg@qq.com, user_ip : ::1
Sun 17 Sep 2017 22:33:29, JsonRpcError(-32603): 'NoneType' object has no attribute 'send' -- Traceback (most recent call last):
  File "/home/yuyu/.local/lib/python2.7/site-packages/pyjsonrpc/rpclib.py", line 114, in call
    result = rpc_function(*positional_params, **named_params)
  File "service.py", line 44, in logNewsClickForUser
    return operations.logNewsClickForUser(user_id, news_id, user_ip)
  File "/home/yuyu/bittigercs503-1703-llliuyu/week10/backend_server/operations.py", line 92, in logNewsClickForUser
    cloudAMQP_client.sendMessage(message)
  File "/home/yuyu/bittigercs503-1703-llliuyu/week10/backend_server/../common/cloudAMQP_client.py", line 22, in sendMessage
    body=json.dumps(message))
  File "/home/yuyu/.local/lib/python2.7/site-packages/pika/adapters/blocking_connection.py", line 1978, in basic_publish
    mandatory, immediate)
  File "/home/yuyu/.local/lib/python2.7/site-packages/pika/adapters/blocking_connection.py", line 2064, in publish
    immediate=immediate)
  File "/home/yuyu/.local/lib/python2.7/site-packages/pika/channel.py", line 338, in basic_publish
    (properties, body))
  File "/home/yuyu/.local/lib/python2.7/site-packages/pika/channel.py", line 1150, in _send_method
    self.connection._send_method(self.channel_number, method_frame, content)
  File "/home/yuyu/.local/lib/python2.7/site-packages/pika/connection.py", line 1571, in _send_method
    self._send_message(channel_number, method_frame, content)
  File "/home/yuyu/.local/lib/python2.7/site-packages/pika/connection.py", line 1601, in _send_message
    self._flush_outbound()
  File "/home/yuyu/.local/lib/python2.7/site-packages/pika/adapters/base_connection.py", line 282, in _flush_outbound
    self._handle_write()
  File "/home/yuyu/.local/lib/python2.7/site-packages/pika/adapters/base_connection.py", line 427, in _handle_write
    bw = self.socket.send(frame)
AttributeError: 'NoneType' object has no attribute 'send'

Sun 17 Sep 2017 22:33:35, operations.getNewsSummariesForUser, 15 ms, event_name : news_list_request, user_id : gg@qq.com, user_ip : ::1
Sun 17 Sep 2017 22:33:38, operations.getNewsSummariesForUser, 15 ms, event_name : news_list_request, user_id : gg@qq.com, user_ip : ::1
Sun 17 Sep 2017 22:35:54, operations.getNewsSummariesForUser, 40 ms, event_name : news_list_request, user_id : gg@qq.com, user_ip : ::1
Sun 17 Sep 2017 22:35:56, operations.getNewsSummariesForUser, 12 ms, event_name : news_list_request, user_id : gg@qq.com, user_ip : ::1
Sun 17 Sep 2017 22:36:00, operations.getNewsSummariesForUser, 17 ms, event_name : news_list_request, user_id : gg@qq.com, user_ip : ::1
Sun 17 Sep 2017 22:36:02, operations.getNewsSummariesForUser, 15 ms, event_name : news_list_request, user_id : gg@qq.com, user_ip : ::1
Sun 17 Sep 2017 22:36:05, operations.getNewsSummariesForUser, 16 ms, event_name : news_list_request, user_id : gg@qq.com, user_ip : ::1
Sun 17 Sep 2017 22:36:07, operations.getNewsSummariesForUser, 17 ms, event_name : news_list_request, user_id : gg@qq.com, user_ip : ::1
Sun 17 Sep 2017 22:36:21, operations.getNewsSummariesForUser, 16 ms, event_name : news_list_request, user_id : gg@qq.com, user_ip : ::1
Sun 17 Sep 2017 22:36:24, operations.getNewsSummariesForUser, 17 ms, event_name : news_list_request, user_id : gg@qq.com, user_ip : ::1
Sun 17 Sep 2017 22:36:24, operations.getNewsSummariesForUser, 15 ms, event_name : news_list_request, user_id : gg@qq.com, user_ip : ::1
Sun 17 Sep 2017 22:36:27, operations.getNewsSummariesForUser, 17 ms, event_name : news_list_request, user_id : gg@qq.com, user_ip : ::1
Sun 17 Sep 2017 22:36:29, operations.getNewsSummariesForUser, 15 ms, event_name : news_list_request, user_id : gg@qq.com, user_ip : ::1
Sun 17 Sep 2017 22:36:31, operations.getNewsSummariesForUser, 16 ms, event_name : news_list_request, user_id : gg@qq.com, user_ip : ::1
Sun 17 Sep 2017 22:36:34, operations.getNewsSummariesForUser, 16 ms, event_name : news_list_request, user_id : gg@qq.com, user_ip : ::1
Sun 17 Sep 2017 22:46:51, operations.getNewsSummariesForUser, 44 ms, event_name : news_list_request, user_id : gg@qq.com, user_ip : ::1
Sun 17 Sep 2017 22:46:55, operations.getNewsSummariesForUser, 15 ms, event_name : news_list_request, user_id : gg@qq.com, user_ip : ::1
Sun 17 Sep 2017 22:46:58, operations.getNewsSummariesForUser, 16 ms, event_name : news_list_request, user_id : gg@qq.com, user_ip : ::1
Sun 17 Sep 2017 22:47:00, operations.getNewsSummariesForUser, 11 ms, event_name : news_list_request, user_id : gg@qq.com, user_ip : ::1
Sun 17 Sep 2017 22:47:03, operations.getNewsSummariesForUser, 16 ms, event_name : news_list_request, user_id : gg@qq.com, user_ip : ::1
Sun 17 Sep 2017 22:47:05, operations.getNewsSummariesForUser, 14 ms, event_name : news_list_request, user_id : gg@qq.com, user_ip : ::1
Sun 17 Sep 2017 22:47:07, operations.getNewsSummariesForUser, 15 ms, event_name : news_list_request, user_id : gg@qq.com, user_ip : ::1
Sun 17 Sep 2017 22:47:11, operations.getNewsSummariesForUser, 15 ms, event_name : news_list_request, user_id : gg@qq.com, user_ip : ::1
Sun 17 Sep 2017 22:47:14, operations.getNewsSummariesForUser, 14 ms, event_name : news_list_request, user_id : gg@qq.com, user_ip : ::1
Sun 17 Sep 2017 22:47:16, operations.getNewsSummariesForUser, 13 ms, event_name : news_list_request, user_id : gg@qq.com, user_ip : ::1
Sun 17 Sep 2017 22:47:19, operations.getNewsSummariesForUser, 16 ms, event_name : news_list_request, user_id : gg@qq.com, user_ip : ::1
Sun 17 Sep 2017 22:47:22, operations.getNewsSummariesForUser, 14 ms, event_name : news_list_request, user_id : gg@qq.com, user_ip : ::1
Sun 17 Sep 2017 22:47:24, operations.getNewsSummariesForUser, 9 ms, event_name : news_list_request, user_id : gg@qq.com, user_ip : ::1
Sun 17 Sep 2017 22:47:25, operations.getNewsSummariesForUser, 11 ms, event_name : news_list_request, user_id : gg@qq.com, user_ip : ::1
Sun 17 Sep 2017 22:47:29, operations.getNewsSummariesForUser, 15 ms, event_name : news_list_request, user_id : gg@qq.com, user_ip : ::1
Sun 17 Sep 2017 22:47:33, operations.getNewsSummariesForUser, 17 ms, event_name : news_list_request, user_id : gg@qq.com, user_ip : ::1
Sun 17 Sep 2017 22:47:36, operations.getNewsSummariesForUser, 17 ms, event_name : news_list_request, user_id : gg@qq.com, user_ip : ::1
Sun 17 Sep 2017 22:47:39, operations.getNewsSummariesForUser, 16 ms, event_name : news_list_request, user_id : gg@qq.com, user_ip : ::1
Sun 17 Sep 2017 22:47:41, operations.getNewsSummariesForUser, 16 ms, event_name : news_list_request, user_id : gg@qq.com, user_ip : ::1
Sun 17 Sep 2017 22:47:48, operations.getNewsSummariesForUser, 15 ms, event_name : news_list_request, user_id : gg@qq.com, user_ip : ::1
Sun 17 Sep 2017 22:47:52, operations.getNewsSummariesForUser, 40 ms, event_name : news_list_request, user_id : gg@qq.com, user_ip : ::1
Sun 17 Sep 2017 22:47:55, operations.getNewsSummariesForUser, 14 ms, event_name : news_list_request, user_id : gg@qq.com, user_ip : ::1
